seed: 60119945
Robot: Pedestrian
Planning environment: /home/jimy/SKD_DEVEL/skd_oppt/models/SKDGenTestingEnvironment/SKDGenTestingEnvironmnent.sdf
Execution environment: /home/jimy/SKD_DEVEL/skd_oppt/models/SKDGenTestingEnvironment/SKDGenTestingEnvironmnent.sdf
solver: ABT
Run #1
t = 0
S: 120 3 100 -1.7 0 3 w: 1 END USER_DATA_BEGIN  USER_DATA_END 
A: 0 -2.5 END 
O: 17.40253 4.045297 END 
IMMEDIATE_REWARD: -5
DISCOUNT_FACTOR: 1
DISCOUNTED_REWARD: -5
SOLVER_DATA_BEGIN
NUM HISTORIES: 745
TotalTreeDepth: 4
RelativeTreeDepth: 3
TotalNumNodesInTree: 881
NumNodesSubtree: 19
TotalNumPropagations: 0
SOLVER_DATA_END
t = 1
S: 120 2.25 100.0317 -1.795297 0.3298918 3 w: 1 END USER_DATA_BEGIN  USER_DATA_END 
A: -2.5 0 END 
O: 16.51614 3.902972 END 
IMMEDIATE_REWARD: -5
DISCOUNT_FACTOR: 0.98
DISCOUNTED_REWARD: -4.9
SOLVER_DATA_BEGIN
NUM HISTORIES: 737
TotalTreeDepth: 5
RelativeTreeDepth: 3
TotalNumNodesInTree: 906
NumNodesSubtree: 111
TotalNumPropagations: 0
SOLVER_DATA_END
t = 2
S: 119.25 2.25 100.3291 -1.652972 1.891514 3 w: 1 END USER_DATA_BEGIN  USER_DATA_END 
A: 0 -2.5 END 
O: 19.67174 3.118404 END 
IMMEDIATE_REWARD: -5
DISCOUNT_FACTOR: 0.9604
DISCOUNTED_REWARD: -4.802
SOLVER_DATA_BEGIN
NUM HISTORIES: 693
TotalTreeDepth: 6
RelativeTreeDepth: 3
TotalNumNodesInTree: 974
NumNodesSubtree: 20
TotalNumPropagations: 0
SOLVER_DATA_END
t = 3
S: 119.25 1.5 101.0615 -1.618404 3.179148 3 w: 1 END USER_DATA_BEGIN  USER_DATA_END 
A: 0 -2.5 END 
O: 17.74027 2.444275 END 
IMMEDIATE_REWARD: -5
DISCOUNT_FACTOR: 0.941192
DISCOUNTED_REWARD: -4.70596
SOLVER_DATA_BEGIN
NUM HISTORIES: 670
TotalTreeDepth: 7
RelativeTreeDepth: 3
TotalNumNodesInTree: 861
NumNodesSubtree: 157
TotalNumPropagations: 0
SOLVER_DATA_END
t = 4
S: 119.25 0.75 102.1027 -1.694275 4.260334 3 w: 1 END USER_DATA_BEGIN  USER_DATA_END 
A: 0 -2.5 END 
O: 15.07621 1.601667 END 
IMMEDIATE_REWARD: -5
DISCOUNT_FACTOR: 0.9223682
DISCOUNTED_REWARD: -4.611841
SOLVER_DATA_BEGIN
NUM HISTORIES: 679
TotalTreeDepth: 8
RelativeTreeDepth: 3
TotalNumNodesInTree: 1012
NumNodesSubtree: 53
TotalNumPropagations: 0
SOLVER_DATA_END
t = 5
S: 119.25 0 103.4061 -1.601667 5.247955 3 w: 1 END USER_DATA_BEGIN  USER_DATA_END 
A: 0 -2.5 END 
O: 13.8027 0.9717546 END 
IMMEDIATE_REWARD: -5
DISCOUNT_FACTOR: 0.9039208
DISCOUNTED_REWARD: -4.519604
SOLVER_DATA_BEGIN
NUM HISTORIES: 691
TotalTreeDepth: 9
RelativeTreeDepth: 3
TotalNumNodesInTree: 913
NumNodesSubtree: 139
TotalNumPropagations: 0
SOLVER_DATA_END
t = 6
S: 119.25 -0.75 105.0706 -1.721755 6.086554 0 w: 1 END USER_DATA_BEGIN  USER_DATA_END 
A: 1.77 -1.77 END 
O: 13.95113 0.3690448 END 
IMMEDIATE_REWARD: -5
DISCOUNT_FACTOR: 0.8858424
DISCOUNTED_REWARD: -4.429212
SOLVER_DATA_BEGIN
NUM HISTORIES: 658
TotalTreeDepth: 10
RelativeTreeDepth: 3
TotalNumNodesInTree: 961
NumNodesSubtree: 99
TotalNumPropagations: 0
SOLVER_DATA_END
t = 7
S: 119.781 -1.281 106.1991 -1.650045 2.531602 3 w: 1 END USER_DATA_BEGIN  USER_DATA_END 
A: -2.5 0 END 
O: 12.09252 0.3254201 END 
IMMEDIATE_REWARD: -5
DISCOUNT_FACTOR: 0.8681255
DISCOUNTED_REWARD: -4.340628
SOLVER_DATA_BEGIN
NUM HISTORIES: 662
TotalTreeDepth: 11
RelativeTreeDepth: 3
TotalNumNodesInTree: 929
NumNodesSubtree: 129
TotalNumPropagations: 0
SOLVER_DATA_END
t = 8
S: 119.031 -1.281 107.0271 -1.60642 3.693286 3 w: 1 END USER_DATA_BEGIN  USER_DATA_END 
A: -1.77 -1.77 END 
O: 10.74505 -0.01679411 END 
IMMEDIATE_REWARD: -5
DISCOUNT_FACTOR: 0.850763
DISCOUNTED_REWARD: -4.253815
SOLVER_DATA_BEGIN
NUM HISTORIES: 672
TotalTreeDepth: 12
RelativeTreeDepth: 3
TotalNumNodesInTree: 931
NumNodesSubtree: 52
TotalNumPropagations: 0
SOLVER_DATA_END
t = 9
S: 118.5 -1.812 108.1975 -1.795206 4.73316 3 w: 1 END USER_DATA_BEGIN  USER_DATA_END 
A: 0 -2.5 END 
O: 9.108862 -0.9109592 END 
IMMEDIATE_REWARD: -5
DISCOUNT_FACTOR: 0.8337478
DISCOUNTED_REWARD: -4.168739
SOLVER_DATA_BEGIN
NUM HISTORIES: 702
TotalTreeDepth: 12
RelativeTreeDepth: 2
TotalNumNodesInTree: 275
NumNodesSubtree: 51
TotalNumPropagations: 0
SOLVER_DATA_END
t = 10
S: 118.5 -2.562 109.6241 -1.651041 5.669886 3 w: 1 END USER_DATA_BEGIN  USER_DATA_END 
A: 0 -2.5 END 
O: 6.482567 -1.663711 END 
IMMEDIATE_REWARD: -5
DISCOUNT_FACTOR: 0.8170728
DISCOUNTED_REWARD: -4.085364
SOLVER_DATA_BEGIN
NUM HISTORIES: 1068
TotalTreeDepth: 12
RelativeTreeDepth: 1
TotalNumNodesInTree: 67
NumNodesSubtree: 11
TotalNumPropagations: 0
SOLVER_DATA_END
t = 11
S: 118.5 -3.312 111.232 -1.648289 6.532608 0 w: 1 END USER_DATA_BEGIN  USER_DATA_END 
A: 0 -2.5 END 
O: 5.842005 -2.41701 END 
IMMEDIATE_REWARD: 5000
DISCOUNT_FACTOR: 0.8007314
DISCOUNTED_REWARD: 4003.657
SOLVER_DATA_BEGIN
NUM HISTORIES: 2120
TotalTreeDepth: 12
RelativeTreeDepth: 0
TotalNumNodesInTree: 22
NumNodesSubtree: 1
TotalNumPropagations: 0
SOLVER_DATA_END
FINAL_STATE_BEGIN
S: 118.5 -4.062 112.3687 -1.64499 2.156917 0 w: 1 END USER_DATA_BEGIN  USER_DATA_END 
FINAL_STATE_END
Total discounted reward: 3953.84
Num steps: 12
Total time taken: 5431.997ms
RUN_FINISHED_USER_DATA_BEGIN
RUN_FINISHED_USER_DATA_END
Run #2
t = 0
S: 120 3 100 -1.7 0 3 w: 1 END USER_DATA_BEGIN  USER_DATA_END 
A: 0 -2.5 END 
O: 19.68953 3.851446 END 
IMMEDIATE_REWARD: -5
DISCOUNT_FACTOR: 1
DISCOUNTED_REWARD: -5
SOLVER_DATA_BEGIN
NUM HISTORIES: 748
TotalTreeDepth: 4
RelativeTreeDepth: 3
TotalNumNodesInTree: 897
NumNodesSubtree: 164
TotalNumPropagations: 0
SOLVER_DATA_END
t = 1
S: 120 2.25 100.0221 -1.601446 0.3125246 3 w: 1 END USER_DATA_BEGIN  USER_DATA_END 
A: -2.5 0 END 
O: 19.70704 3.992213 END 
IMMEDIATE_REWARD: -5
DISCOUNT_FACTOR: 0.98
DISCOUNTED_REWARD: -4.9
SOLVER_DATA_BEGIN
NUM HISTORIES: 701
TotalTreeDepth: 5
RelativeTreeDepth: 3
TotalNumNodesInTree: 1004
NumNodesSubtree: 65
TotalNumPropagations: 0
SOLVER_DATA_END
t = 2
S: 119.25 2.25 100.303 -1.742213 1.937255 3 w: 1 END USER_DATA_BEGIN  USER_DATA_END 
A: -2.5 0 END 
O: 17.84515 4.019264 END 
IMMEDIATE_REWARD: -5
DISCOUNT_FACTOR: 0.9604
DISCOUNTED_REWARD: -4.802
SOLVER_DATA_BEGIN
NUM HISTORIES: 688
TotalTreeDepth: 6
RelativeTreeDepth: 3
TotalNumNodesInTree: 918
NumNodesSubtree: 44
TotalNumPropagations: 0
SOLVER_DATA_END
t = 3
S: 118.5 2.25 101.0212 -1.769264 3.212635 3 w: 1 END USER_DATA_BEGIN  USER_DATA_END 
A: -2.5 0 END 
O: 14.46041 3.940748 END 
IMMEDIATE_REWARD: -5
DISCOUNT_FACTOR: 0.941192
DISCOUNTED_REWARD: -4.70596
SOLVER_DATA_BEGIN
NUM HISTORIES: 681
TotalTreeDepth: 7
RelativeTreeDepth: 3
TotalNumNodesInTree: 884
NumNodesSubtree: 88
TotalNumPropagations: 0
SOLVER_DATA_END
t = 4
S: 117.75 2.25 102.0522 -1.690748 4.300617 3 w: 1 END USER_DATA_BEGIN  USER_DATA_END 
A: 0 0 END 
O: 14.93444 4.044892 END 
IMMEDIATE_REWARD: -5
DISCOUNT_FACTOR: 0.9223682
DISCOUNTED_REWARD: -4.611841
SOLVER_DATA_BEGIN
NUM HISTORIES: 659
TotalTreeDepth: 8
RelativeTreeDepth: 3
TotalNumNodesInTree: 899
NumNodesSubtree: 44
TotalNumPropagations: 0
SOLVER_DATA_END
t = 5
S: 117.75 2.25 103.3249 -1.794892 5.299845 3 w: 1 END USER_DATA_BEGIN  USER_DATA_END 
A: 0 0 END 
O: 13.16082 4.020165 END 
IMMEDIATE_REWARD: -5
DISCOUNT_FACTOR: 0.9039208
DISCOUNTED_REWARD: -4.519604
SOLVER_DATA_BEGIN
NUM HISTORIES: 669
TotalTreeDepth: 9
RelativeTreeDepth: 3
TotalNumNodesInTree: 890
NumNodesSubtree: 21
TotalNumPropagations: 0
SOLVER_DATA_END
t = 6
S: 117.75 2.25 104.7865 -1.770165 6.223585 3 w: 1 END USER_DATA_BEGIN  USER_DATA_END 
A: 0 0 END 
O: 11.63893 3.964459 END 
IMMEDIATE_REWARD: -5
DISCOUNT_FACTOR: 0.8858424
DISCOUNTED_REWARD: -4.429212
SOLVER_DATA_BEGIN
NUM HISTORIES: 703
TotalTreeDepth: 10
RelativeTreeDepth: 3
TotalNumNodesInTree: 895
NumNodesSubtree: 111
TotalNumPropagations: 0
SOLVER_DATA_END
t = 7
S: 117.75 2.25 106.5053 -1.714459 7.037969 3 w: 1 END USER_DATA_BEGIN  USER_DATA_END 
A: 0 0 END 
O: 7.087959 3.985504 END 
IMMEDIATE_REWARD: -5
DISCOUNT_FACTOR: 0.8681255
DISCOUNTED_REWARD: -4.340628
SOLVER_DATA_BEGIN
NUM HISTORIES: 666
TotalTreeDepth: 11
RelativeTreeDepth: 3
TotalNumNodesInTree: 916
NumNodesSubtree: 107
TotalNumPropagations: 0
SOLVER_DATA_END
t = 8
S: 117.75 2.25 108.5662 -1.735504 7.706223 3 w: 1 END USER_DATA_BEGIN  USER_DATA_END 
A: 0 0 END 
O: 6.609654 4.044129 END 
IMMEDIATE_REWARD: -5
DISCOUNT_FACTOR: 0.850763
DISCOUNTED_REWARD: -4.253815
SOLVER_DATA_BEGIN
NUM HISTORIES: 678
TotalTreeDepth: 12
RelativeTreeDepth: 3
TotalNumNodesInTree: 952
NumNodesSubtree: 36
TotalNumPropagations: 0
SOLVER_DATA_END
t = 9
S: 117.75 2.25 110.7343 -1.794129 8.33 3 w: 1 END USER_DATA_BEGIN  USER_DATA_END 
A: 0 0 END 
O: 4.567334 4.036996 END 
IMMEDIATE_REWARD: -5
DISCOUNT_FACTOR: 0.8337478
DISCOUNTED_REWARD: -4.168739
SOLVER_DATA_BEGIN
NUM HISTORIES: 668
TotalTreeDepth: 13
RelativeTreeDepth: 3
TotalNumNodesInTree: 865
NumNodesSubtree: 49
TotalNumPropagations: 0
SOLVER_DATA_END
t = 10
S: 117.75 2.25 113.0008 -1.786996 8.33 3 w: 1 END USER_DATA_BEGIN  USER_DATA_END 
A: 0 0 END 
O: 1.809967 3.949805 END 
IMMEDIATE_REWARD: -5
DISCOUNT_FACTOR: 0.8170728
DISCOUNTED_REWARD: -4.085364
SOLVER_DATA_BEGIN
NUM HISTORIES: 684
TotalTreeDepth: 14
RelativeTreeDepth: 3
TotalNumNodesInTree: 890
NumNodesSubtree: 105
TotalNumPropagations: 0
SOLVER_DATA_END
t = 11
S: 117.75 2.25 115.1716 -1.699805 8.33 0 w: 1 END USER_DATA_BEGIN  USER_DATA_END 
A: 0 0 END 
O: 0.9174404 3.874165 END 
IMMEDIATE_REWARD: -5
DISCOUNT_FACTOR: 0.8007314
DISCOUNTED_REWARD: -4.003657
SOLVER_DATA_BEGIN
NUM HISTORIES: 649
TotalTreeDepth: 15
RelativeTreeDepth: 3
TotalNumNodesInTree: 893
NumNodesSubtree: 64
TotalNumPropagations: 0
SOLVER_DATA_END
t = 12
S: 117.75 2.25 117.057 -1.624165 5.421627 0 w: 1 END USER_DATA_BEGIN  USER_DATA_END 
A: 0 0 END 
O: -0.4477837 3.985235 END 
IMMEDIATE_REWARD: -5
DISCOUNT_FACTOR: 0.7847167
DISCOUNTED_REWARD: -3.923584
SOLVER_DATA_BEGIN
NUM HISTORIES: 668
TotalTreeDepth: 16
RelativeTreeDepth: 3
TotalNumNodesInTree: 917
NumNodesSubtree: 115
TotalNumPropagations: 0
SOLVER_DATA_END
t = 13
S: 117.75 2.25 118.0403 -1.735235 1.823879 0 w: 1 END USER_DATA_BEGIN  USER_DATA_END 
A: -1.77 -1.77 END 
O: -0.8701633 3.424359 END 
IMMEDIATE_REWARD: -5
DISCOUNT_FACTOR: 0.7690224
DISCOUNTED_REWARD: -3.845112
SOLVER_DATA_BEGIN
NUM HISTORIES: 672
TotalTreeDepth: 17
RelativeTreeDepth: 3
TotalNumNodesInTree: 942
NumNodesSubtree: 102
TotalNumPropagations: 0
SOLVER_DATA_END
t = 14
S: 117.219 1.719 118.1448 -1.705359 0 0 w: 1 END USER_DATA_BEGIN  USER_DATA_END 
A: 1.77 -1.77 END 
O: -0.1001259 2.862552 END 
IMMEDIATE_REWARD: -5
DISCOUNT_FACTOR: 0.7536419
DISCOUNTED_REWARD: -3.76821
SOLVER_DATA_BEGIN
NUM HISTORIES: 599
TotalTreeDepth: 18
RelativeTreeDepth: 3
TotalNumNodesInTree: 847
NumNodesSubtree: 138
TotalNumPropagations: 0
SOLVER_DATA_END
t = 15
S: 117.75 1.188 118.1448 -1.674552 0 3 w: 1 END USER_DATA_BEGIN  USER_DATA_END 
A: -1.77 -1.77 END 
O: -1.751229 2.351627 END 
IMMEDIATE_REWARD: -5
DISCOUNT_FACTOR: 0.7385691
DISCOUNTED_REWARD: -3.692846
SOLVER_DATA_BEGIN
NUM HISTORIES: 629
TotalTreeDepth: 19
RelativeTreeDepth: 3
TotalNumNodesInTree: 921
NumNodesSubtree: 149
TotalNumPropagations: 0
SOLVER_DATA_END
t = 16
S: 117.219 0.657 118.1896 -1.694627 0.5526755 3 w: 1 END USER_DATA_BEGIN  USER_DATA_END 
A: 0 0 END 
O: 0.4725373 2.355206 END 
IMMEDIATE_REWARD: -5
DISCOUNT_FACTOR: 0.7237977
DISCOUNTED_REWARD: -3.618989
SOLVER_DATA_BEGIN
NUM HISTORIES: 622
TotalTreeDepth: 20
RelativeTreeDepth: 3
TotalNumNodesInTree: 908
NumNodesSubtree: 128
TotalNumPropagations: 0
SOLVER_DATA_END
t = 17
S: 117.219 0.657 118.6006 -1.698206 2.186514 3 w: 1 END USER_DATA_BEGIN  USER_DATA_END 
A: 1.77 -1.77 END 
O: -1.494841 1.879621 END 
IMMEDIATE_REWARD: -5
DISCOUNT_FACTOR: 0.7093218
DISCOUNTED_REWARD: -3.546609
SOLVER_DATA_BEGIN
NUM HISTORIES: 619
TotalTreeDepth: 21
RelativeTreeDepth: 3
TotalNumNodesInTree: 893
NumNodesSubtree: 144
TotalNumPropagations: 0
SOLVER_DATA_END
t = 18
S: 117.75 0.126 119.3862 -1.753621 3.420946 3 w: 1 END USER_DATA_BEGIN  USER_DATA_END 
A: 0 0 END 
O: -2.572326 1.905133 END 
IMMEDIATE_REWARD: -5
DISCOUNT_FACTOR: 0.6951353
DISCOUNTED_REWARD: -3.475677
SOLVER_DATA_BEGIN
NUM HISTORIES: 590
TotalTreeDepth: 22
RelativeTreeDepth: 3
TotalNumNodesInTree: 913
NumNodesSubtree: 120
TotalNumPropagations: 0
SOLVER_DATA_END
t = 19
S: 117.75 0.126 120.527 -1.779132 4.468847 3 w: 1 END USER_DATA_BEGIN  USER_DATA_END 
A: 0 0 END 
O: -7.484079 1.866167 END 
IMMEDIATE_REWARD: -5
DISCOUNT_FACTOR: 0.6812326
DISCOUNTED_REWARD: -3.406163
SOLVER_DATA_BEGIN
NUM HISTORIES: 621
TotalTreeDepth: 23
RelativeTreeDepth: 3
TotalNumNodesInTree: 904
NumNodesSubtree: 11
TotalNumPropagations: 0
SOLVER_DATA_END
t = 20
S: 117.75 0.126 121.9573 -1.740167 5.405487 3 w: 1 END USER_DATA_BEGIN  USER_DATA_END 
A: 1.77 -1.77 END 
O: -5.127913 1.346438 END 
IMMEDIATE_REWARD: -5
DISCOUNT_FACTOR: 0.667608
DISCOUNTED_REWARD: -3.33804
SOLVER_DATA_BEGIN
NUM HISTORIES: 650
TotalTreeDepth: 24
RelativeTreeDepth: 3
TotalNumNodesInTree: 845
NumNodesSubtree: 58
TotalNumPropagations: 0
SOLVER_DATA_END
t = 21
S: 118.281 -0.405 123.449 -1.751438 6.317449 0 w: 1 END USER_DATA_BEGIN  USER_DATA_END 
A: -1.77 -1.77 END 
O: -7.300604 0.72235 END 
IMMEDIATE_REWARD: -5
DISCOUNT_FACTOR: 0.6542558
DISCOUNTED_REWARD: -3.271279
SOLVER_DATA_BEGIN
NUM HISTORIES: 658
TotalTreeDepth: 25
RelativeTreeDepth: 3
TotalNumNodesInTree: 912
NumNodesSubtree: 139
TotalNumPropagations: 0
SOLVER_DATA_END
t = 22
S: 117.75 -0.936 124.7698 -1.65835 3.324797 0 w: 1 END USER_DATA_BEGIN  USER_DATA_END 
A: 0 -2.5 END 
O: -9.393864 0.04331183 END 
IMMEDIATE_REWARD: -5
DISCOUNT_FACTOR: 0.6411707
DISCOUNTED_REWARD: -3.205853
SOLVER_DATA_BEGIN
NUM HISTORIES: 657
TotalTreeDepth: 26
RelativeTreeDepth: 3
TotalNumNodesInTree: 978
NumNodesSubtree: 34
TotalNumPropagations: 0
SOLVER_DATA_END
t = 23
S: 117.75 -1.686 125.2015 -1.729312 0.2209553 0 w: 1 END USER_DATA_BEGIN  USER_DATA_END 
A: 0 -2.5 END 
O: -8.312627 -0.7047165 END 
IMMEDIATE_REWARD: -5
DISCOUNT_FACTOR: 0.6283473
DISCOUNTED_REWARD: -3.141736
SOLVER_DATA_BEGIN
NUM HISTORIES: 665
TotalTreeDepth: 26
RelativeTreeDepth: 2
TotalNumNodesInTree: 456
NumNodesSubtree: 47
TotalNumPropagations: 0
SOLVER_DATA_END
t = 24
S: 117.75 -2.436 125.2044 -1.731283 0 0 w: 1 END USER_DATA_BEGIN  USER_DATA_END 
A: 0 -2.5 END 
O: -6.322209 -1.424645 END 
IMMEDIATE_REWARD: -5
DISCOUNT_FACTOR: 0.6157803
DISCOUNTED_REWARD: -3.078902
SOLVER_DATA_BEGIN
NUM HISTORIES: 975
TotalTreeDepth: 26
RelativeTreeDepth: 1
TotalNumNodesInTree: 80
NumNodesSubtree: 9
TotalNumPropagations: 0
SOLVER_DATA_END
FINAL_STATE_BEGIN
S: 117.75 -3.186 125.2044 -1.761355 0 0 w: 1 END USER_DATA_BEGIN  USER_DATA_END 
FINAL_STATE_END
Total discounted reward: -99.13382
Num steps: 25
Total time taken: 11481.57ms
RUN_FINISHED_USER_DATA_BEGIN
RUN_FINISHED_USER_DATA_END
##################################
Mean number of steps: 18
Mean planning time per step: 301.0864ms
Num successful runs: 1
Percentage of successful runs: 50
Average total discounted reward: 1927.353
