seed: 1053157669
Robot: Pedestrian
Planning environment: /home/jimy/SKD_DEVEL/skd_oppt/models/SKDGenTestingEnvironment/SKDGenTestingEnvironmnent.sdf
Execution environment: /home/jimy/SKD_DEVEL/skd_oppt/models/SKDGenTestingEnvironment/SKDGenTestingEnvironmnent.sdf
solver: ABT
Run #1
t = 0
S: 120 3 100 -1.7 0 3 w: 1 END USER_DATA_BEGIN  USER_DATA_END 
A: 1.77 -1.77 END 
O: 20.78282 4.126857 END 
IMMEDIATE_REWARD: -5
DISCOUNT_FACTOR: 1
DISCOUNTED_REWARD: -5
SOLVER_DATA_BEGIN
NUM HISTORIES: 820
TotalTreeDepth: 4
RelativeTreeDepth: 3
TotalNumNodesInTree: 990
NumNodesSubtree: 115
TotalNumPropagations: 0
SOLVER_DATA_END
t = 1
S: 120.531 2.469 100.0448 -1.657857 0.5527777 3 w: 1 END USER_DATA_BEGIN  USER_DATA_END 
A: -1.77 -1.77 END 
O: 19.29977 3.58903 END 
IMMEDIATE_REWARD: -5
DISCOUNT_FACTOR: 0.98
DISCOUNTED_REWARD: -4.9
SOLVER_DATA_BEGIN
NUM HISTORIES: 732
TotalTreeDepth: 5
RelativeTreeDepth: 3
TotalNumNodesInTree: 994
NumNodesSubtree: 92
TotalNumPropagations: 0
SOLVER_DATA_END
t = 2
S: 120 1.938 100.3802 -1.65103 1.914271 3 w: 1 END USER_DATA_BEGIN  USER_DATA_END 
A: -1.77 -1.77 END 
O: 16.75698 3.186595 END 
IMMEDIATE_REWARD: -5
DISCOUNT_FACTOR: 0.9604
DISCOUNTED_REWARD: -4.802
SOLVER_DATA_BEGIN
NUM HISTORIES: 703
TotalTreeDepth: 6
RelativeTreeDepth: 3
TotalNumNodesInTree: 967
NumNodesSubtree: 164
TotalNumPropagations: 0
SOLVER_DATA_END
t = 3
S: 119.469 1.407 101.0753 -1.779594 3.27082 3 w: 1 END USER_DATA_BEGIN  USER_DATA_END 
A: 0 -2.5 END 
O: 19.57393 2.417901 END 
IMMEDIATE_REWARD: -5
DISCOUNT_FACTOR: 0.941192
DISCOUNTED_REWARD: -4.70596
SOLVER_DATA_BEGIN
NUM HISTORIES: 718
TotalTreeDepth: 7
RelativeTreeDepth: 3
TotalNumNodesInTree: 1037
NumNodesSubtree: 3
TotalNumPropagations: 0
SOLVER_DATA_END
t = 4
S: 119.469 0.657 102.1121 -1.760901 4.355457 3 w: 1 END USER_DATA_BEGIN  USER_DATA_END 
A: 0 -2.5 END 
O: 17.10505 1.645998 END 
IMMEDIATE_REWARD: -5
DISCOUNT_FACTOR: 0.9223682
DISCOUNTED_REWARD: -4.611841
SOLVER_DATA_BEGIN
NUM HISTORIES: 727
TotalTreeDepth: 8
RelativeTreeDepth: 3
TotalNumNodesInTree: 886
NumNodesSubtree: 113
TotalNumPropagations: 0
SOLVER_DATA_END
t = 5
S: 119.469 -0.09299998 103.4483 -1.738998 5.329403 3 w: 1 END USER_DATA_BEGIN  USER_DATA_END 
A: -2.5 0 END 
O: 14.15185 1.537161 END 
IMMEDIATE_REWARD: -5
DISCOUNT_FACTOR: 0.9039208
DISCOUNTED_REWARD: -4.519604
SOLVER_DATA_BEGIN
NUM HISTORIES: 720
TotalTreeDepth: 9
RelativeTreeDepth: 3
TotalNumNodesInTree: 991
NumNodesSubtree: 151
TotalNumPropagations: 0
SOLVER_DATA_END
t = 6
S: 118.719 -0.09299998 105.0298 -1.630161 6.204705 0 w: 1 END USER_DATA_BEGIN  USER_DATA_END 
A: 0 -2.5 END 
O: 12.35864 0.9280018 END 
IMMEDIATE_REWARD: -5
DISCOUNT_FACTOR: 0.8858424
DISCOUNTED_REWARD: -4.429212
SOLVER_DATA_BEGIN
NUM HISTORIES: 676
TotalTreeDepth: 10
RelativeTreeDepth: 3
TotalNumNodesInTree: 1001
NumNodesSubtree: 109
TotalNumPropagations: 0
SOLVER_DATA_END
t = 7
S: 118.719 -0.843 106.1453 -1.771002 2.576209 0 w: 1 END USER_DATA_BEGIN  USER_DATA_END 
A: 0 -2.5 END 
O: 14.19498 0.03589348 END 
IMMEDIATE_REWARD: -5
DISCOUNT_FACTOR: 0.8681255
DISCOUNTED_REWARD: -4.340628
SOLVER_DATA_BEGIN
NUM HISTORIES: 709
TotalTreeDepth: 11
RelativeTreeDepth: 3
TotalNumNodesInTree: 990
NumNodesSubtree: 29
TotalNumPropagations: 0
SOLVER_DATA_END
t = 8
S: 118.719 -1.593 106.2653 -1.628893 0.003276691 3 w: 1 END USER_DATA_BEGIN  USER_DATA_END 
A: -1.77 -1.77 END 
O: 10.98771 -0.3877758 END 
IMMEDIATE_REWARD: -5
DISCOUNT_FACTOR: 0.850763
DISCOUNTED_REWARD: -4.253815
SOLVER_DATA_BEGIN
NUM HISTORIES: 732
TotalTreeDepth: 12
RelativeTreeDepth: 3
TotalNumNodesInTree: 958
NumNodesSubtree: 144
TotalNumPropagations: 0
SOLVER_DATA_END
t = 9
S: 118.188 -2.124 106.2747 -1.736224 0.04128673 3 w: 1 END USER_DATA_BEGIN  USER_DATA_END 
A: 0 -2.5 END 
O: 11.22636 -1.158383 END 
IMMEDIATE_REWARD: -5
DISCOUNT_FACTOR: 0.8337478
DISCOUNTED_REWARD: -4.168739
SOLVER_DATA_BEGIN
NUM HISTORIES: 714
TotalTreeDepth: 13
RelativeTreeDepth: 3
TotalNumNodesInTree: 1024
NumNodesSubtree: 92
TotalNumPropagations: 0
SOLVER_DATA_END
t = 10
S: 118.188 -2.874 106.438 -1.715617 1.315982 3 w: 1 END USER_DATA_BEGIN  USER_DATA_END 
A: -1.77 -1.77 END 
O: 9.690382 -1.646301 END 
IMMEDIATE_REWARD: -5
DISCOUNT_FACTOR: 0.8170728
DISCOUNTED_REWARD: -4.085364
SOLVER_DATA_BEGIN
NUM HISTORIES: 786
TotalTreeDepth: 13
RelativeTreeDepth: 2
TotalNumNodesInTree: 376
NumNodesSubtree: 45
TotalNumPropagations: 0
SOLVER_DATA_END
t = 11
S: 117.657 -3.405 107.0017 -1.758699 2.687818 3 w: 1 END USER_DATA_BEGIN  USER_DATA_END 
A: -2.5 0 END 
O: 9.254846 -1.78514 END 
IMMEDIATE_REWARD: -5
DISCOUNT_FACTOR: 0.8007314
DISCOUNTED_REWARD: -4.003657
SOLVER_DATA_BEGIN
NUM HISTORIES: 1139
TotalTreeDepth: 13
RelativeTreeDepth: 1
TotalNumNodesInTree: 59
NumNodesSubtree: 10
TotalNumPropagations: 0
SOLVER_DATA_END
t = 12
S: 116.907 -3.405 107.9647 -1.61986 3.80112 3 w: 1 END USER_DATA_BEGIN  USER_DATA_END 
A: -1.77 -1.77 END 
O: 8.185612 -2.136679 END 
IMMEDIATE_REWARD: 5000
DISCOUNT_FACTOR: 0.7847167
DISCOUNTED_REWARD: 3923.584
SOLVER_DATA_BEGIN
NUM HISTORIES: 2330
TotalTreeDepth: 13
RelativeTreeDepth: 0
TotalNumNodesInTree: 22
NumNodesSubtree: 1
TotalNumPropagations: 0
SOLVER_DATA_END
FINAL_STATE_BEGIN
S: 116.376 -3.936 109.203 -1.799321 4.814632 0 w: 1 END USER_DATA_BEGIN  USER_DATA_END 
FINAL_STATE_END
Total discounted reward: 3869.763
Num steps: 13
Total time taken: 5756.451ms
RUN_FINISHED_USER_DATA_BEGIN
RUN_FINISHED_USER_DATA_END
Run #2
t = 0
S: 120 3 100 -1.7 0 3 w: 1 END USER_DATA_BEGIN  USER_DATA_END 
A: -1.77 -1.77 END 
O: 20.43387 4.185241 END 
IMMEDIATE_REWARD: -5
DISCOUNT_FACTOR: 1
DISCOUNTED_REWARD: -5
SOLVER_DATA_BEGIN
NUM HISTORIES: 800
TotalTreeDepth: 4
RelativeTreeDepth: 3
TotalNumNodesInTree: 949
NumNodesSubtree: 89
TotalNumPropagations: 0
SOLVER_DATA_END
t = 1
S: 119.469 2.469 100.0448 -1.716241 0.5526755 3 w: 1 END USER_DATA_BEGIN  USER_DATA_END 
A: 0 -2.5 END 
O: 19.22322 3.393763 END 
IMMEDIATE_REWARD: -5
DISCOUNT_FACTOR: 0.98
DISCOUNTED_REWARD: -4.9
SOLVER_DATA_BEGIN
NUM HISTORIES: 712
TotalTreeDepth: 5
RelativeTreeDepth: 3
TotalNumNodesInTree: 947
NumNodesSubtree: 135
TotalNumPropagations: 0
SOLVER_DATA_END
t = 2
S: 119.469 1.719 100.4453 -1.674763 2.243879 3 w: 1 END USER_DATA_BEGIN  USER_DATA_END 
A: -1.77 -1.77 END 
O: 17.42794 2.980692 END 
IMMEDIATE_REWARD: -5
DISCOUNT_FACTOR: 0.9604
DISCOUNTED_REWARD: -4.802
SOLVER_DATA_BEGIN
NUM HISTORIES: 691
TotalTreeDepth: 6
RelativeTreeDepth: 3
TotalNumNodesInTree: 990
NumNodesSubtree: 170
TotalNumPropagations: 0
SOLVER_DATA_END
t = 3
S: 118.938 1.188 101.2188 -1.792692 3.459753 0 w: 1 END USER_DATA_BEGIN  USER_DATA_END 
A: -1.77 -1.77 END 
O: 16.28132 2.335228 END 
IMMEDIATE_REWARD: -5
DISCOUNT_FACTOR: 0.941192
DISCOUNTED_REWARD: -4.70596
SOLVER_DATA_BEGIN
NUM HISTORIES: 687
TotalTreeDepth: 7
RelativeTreeDepth: 3
TotalNumNodesInTree: 1002
NumNodesSubtree: 169
TotalNumPropagations: 0
SOLVER_DATA_END
t = 4
S: 118.407 0.657 101.679 -1.678228 0.2036921 3 w: 1 END USER_DATA_BEGIN  USER_DATA_END 
A: 0 -2.5 END 
O: 18.28019 1.562755 END 
IMMEDIATE_REWARD: -5
DISCOUNT_FACTOR: 0.9223682
DISCOUNTED_REWARD: -4.611841
SOLVER_DATA_BEGIN
NUM HISTORIES: 673
TotalTreeDepth: 8
RelativeTreeDepth: 3
TotalNumNodesInTree: 999
NumNodesSubtree: 103
TotalNumPropagations: 0
SOLVER_DATA_END
t = 5
S: 118.407 -0.09299998 101.9345 -1.655755 1.709511 3 w: 1 END USER_DATA_BEGIN  USER_DATA_END 
A: 0 -2.5 END 
O: 15.2654 0.8101001 END 
IMMEDIATE_REWARD: -5
DISCOUNT_FACTOR: 0.9039208
DISCOUNTED_REWARD: -4.519604
SOLVER_DATA_BEGIN
NUM HISTORIES: 715
TotalTreeDepth: 9
RelativeTreeDepth: 3
TotalNumNodesInTree: 997
NumNodesSubtree: 116
TotalNumPropagations: 0
SOLVER_DATA_END
t = 6
S: 118.407 -0.843 102.582 -1.6531 3.214993 3 w: 1 END USER_DATA_BEGIN  USER_DATA_END 
A: 0 -2.5 END 
O: 15.4524 0.08327587 END 
IMMEDIATE_REWARD: -5
DISCOUNT_FACTOR: 0.8858424
DISCOUNTED_REWARD: -4.429212
SOLVER_DATA_BEGIN
NUM HISTORIES: 719
TotalTreeDepth: 10
RelativeTreeDepth: 3
TotalNumNodesInTree: 1002
NumNodesSubtree: 143
TotalNumPropagations: 0
SOLVER_DATA_END
t = 7
S: 118.407 -1.593 103.5829 -1.676276 4.306378 3 w: 1 END USER_DATA_BEGIN  USER_DATA_END 
A: -1.77 -1.77 END 
O: 12.83783 -0.3930712 END 
IMMEDIATE_REWARD: -5
DISCOUNT_FACTOR: 0.8681255
DISCOUNTED_REWARD: -4.340628
SOLVER_DATA_BEGIN
NUM HISTORIES: 681
TotalTreeDepth: 11
RelativeTreeDepth: 3
TotalNumNodesInTree: 998
NumNodesSubtree: 94
TotalNumPropagations: 0
SOLVER_DATA_END
t = 8
S: 117.876 -2.124 104.8201 -1.730929 5.319803 3 w: 1 END USER_DATA_BEGIN  USER_DATA_END 
A: 0 -2.5 END 
O: 12.86311 -1.234347 END 
IMMEDIATE_REWARD: -5
DISCOUNT_FACTOR: 0.850763
DISCOUNTED_REWARD: -4.253815
SOLVER_DATA_BEGIN
NUM HISTORIES: 687
TotalTreeDepth: 12
RelativeTreeDepth: 3
TotalNumNodesInTree: 918
NumNodesSubtree: 154
TotalNumPropagations: 0
SOLVER_DATA_END
t = 9
S: 117.876 -2.874 106.252 -1.639653 6.254947 3 w: 1 END USER_DATA_BEGIN  USER_DATA_END 
A: -2.5 0 END 
O: 9.190247 -1.235997 END 
IMMEDIATE_REWARD: -5
DISCOUNT_FACTOR: 0.8337478
DISCOUNTED_REWARD: -4.168739
SOLVER_DATA_BEGIN
NUM HISTORIES: 748
TotalTreeDepth: 12
RelativeTreeDepth: 2
TotalNumNodesInTree: 308
NumNodesSubtree: 36
TotalNumPropagations: 0
SOLVER_DATA_END
t = 10
S: 117.126 -2.874 108.1278 -1.638003 6.998548 3 w: 1 END USER_DATA_BEGIN  USER_DATA_END 
A: -1.77 -1.77 END 
O: 8.109355 -1.665593 END 
IMMEDIATE_REWARD: -5
DISCOUNT_FACTOR: 0.8170728
DISCOUNTED_REWARD: -4.085364
SOLVER_DATA_BEGIN
NUM HISTORIES: 1144
TotalTreeDepth: 12
RelativeTreeDepth: 1
TotalNumNodesInTree: 57
NumNodesSubtree: 9
TotalNumPropagations: 0
SOLVER_DATA_END
t = 11
S: 116.595 -3.405 110.2107 -1.739407 7.658656 0 w: 1 END USER_DATA_BEGIN  USER_DATA_END 
A: -1.77 -1.77 END 
O: 5.339339 -2.333047 END 
IMMEDIATE_REWARD: 5000
DISCOUNT_FACTOR: 0.8007314
DISCOUNTED_REWARD: 4003.657
SOLVER_DATA_BEGIN
NUM HISTORIES: 2195
TotalTreeDepth: 12
RelativeTreeDepth: 0
TotalNumNodesInTree: 20
NumNodesSubtree: 1
TotalNumPropagations: 0
SOLVER_DATA_END
FINAL_STATE_BEGIN
S: 116.064 -3.936 111.7058 -1.602953 4.15828 0 w: 1 END USER_DATA_BEGIN  USER_DATA_END 
FINAL_STATE_END
Total discounted reward: 3953.84
Num steps: 12
Total time taken: 5347.425ms
RUN_FINISHED_USER_DATA_BEGIN
RUN_FINISHED_USER_DATA_END
##################################
Mean number of steps: 12
Mean planning time per step: 301.0938ms
Num successful runs: 2
Percentage of successful runs: 100
Average total discounted reward: 3911.801
