seed: 828962094
Robot: Pedestrian
Planning environment: /home/jimy/SKD_DEVEL/skd_oppt/models/NCAPCollisionEnvironment/NCAPCollisionEnvironment.sdf
Execution environment: /home/jimy/SKD_DEVEL/skd_oppt/models/NCAPCollisionEnvironment/NCAPCollisionEnvironment.sdf
solver: ABT
Run #1
t = 0
S: 120 3 100 -1.7 0 3 w: 1 END USER_DATA_BEGIN  USER_DATA_END 
A: -1.77 -1.77 END 
O: 18.84177 4.169 END 
IMMEDIATE_REWARD: -11.46
DISCOUNT_FACTOR: 1
DISCOUNTED_REWARD: -11.46
SOLVER_DATA_BEGIN
NUM HISTORIES: 2257
TotalTreeDepth: 5
RelativeTreeDepth: 4
TotalNumNodesInTree: 2655
NumNodesSubtree: 311
TotalNumPropagations: 0
SOLVER_DATA_END
t = 1
S: 119.469 2.469 100 -1.7 8.243472 3 w: 1 END USER_DATA_BEGIN  USER_DATA_END 
A: -1.77 -1.77 END 
O: 15.28377 3.638 END 
IMMEDIATE_REWARD: -11.24
DISCOUNT_FACTOR: 0.98
DISCOUNTED_REWARD: -11.0152
SOLVER_DATA_BEGIN
NUM HISTORIES: 1885
TotalTreeDepth: 6
RelativeTreeDepth: 4
TotalNumNodesInTree: 2545
NumNodesSubtree: 211
TotalNumPropagations: 0
SOLVER_DATA_END
t = 2
S: 118.938 1.938 102.473 -1.7 8.33 3 w: 1 END USER_DATA_BEGIN  USER_DATA_END 
A: -1.77 -1.77 END 
O: 13.31098 3.107 END 
IMMEDIATE_REWARD: -11.86
DISCOUNT_FACTOR: 0.9604
DISCOUNTED_REWARD: -11.39034
SOLVER_DATA_BEGIN
NUM HISTORIES: 1763
TotalTreeDepth: 7
RelativeTreeDepth: 4
TotalNumNodesInTree: 2310
NumNodesSubtree: 368
TotalNumPropagations: 0
SOLVER_DATA_END
t = 3
S: 118.407 1.407 104.8093 -1.7 7.578922 0 w: 1 END USER_DATA_BEGIN  USER_DATA_END 
A: 1.77 -1.77 END 
O: 10.87192 2.576 END 
IMMEDIATE_REWARD: -7.7
DISCOUNT_FACTOR: 0.941192
DISCOUNTED_REWARD: -7.247178
SOLVER_DATA_BEGIN
NUM HISTORIES: 1730
TotalTreeDepth: 8
RelativeTreeDepth: 4
TotalNumNodesInTree: 2419
NumNodesSubtree: 503
TotalNumPropagations: 0
SOLVER_DATA_END
t = 4
S: 118.938 0.876 106.9353 -1.7 6.329904 0 w: 1 END USER_DATA_BEGIN  USER_DATA_END 
A: 0 -2.5 END 
O: 10.61524 1.826 END 
IMMEDIATE_REWARD: -7.7
DISCOUNT_FACTOR: 0.9223682
DISCOUNTED_REWARD: -7.102235
SOLVER_DATA_BEGIN
NUM HISTORIES: 1740
TotalTreeDepth: 9
RelativeTreeDepth: 4
TotalNumNodesInTree: 2580
NumNodesSubtree: 349
TotalNumPropagations: 0
SOLVER_DATA_END
t = 5
S: 118.938 0.126 108.6898 -1.7 5.462501 0 w: 1 END USER_DATA_BEGIN  USER_DATA_END 
A: 0 0 END 
O: 7.781776 1.826 END 
IMMEDIATE_REWARD: -12.7
DISCOUNT_FACTOR: 0.9039208
DISCOUNTED_REWARD: -11.47979
SOLVER_DATA_BEGIN
NUM HISTORIES: 1695
TotalTreeDepth: 10
RelativeTreeDepth: 4
TotalNumNodesInTree: 2405
NumNodesSubtree: 346
TotalNumPropagations: 0
SOLVER_DATA_END
t = 6
S: 118.938 0.126 110.1572 -1.7 4.41195 0 w: 1 END USER_DATA_BEGIN  USER_DATA_END 
A: -2.5 0 END 
O: 7.688382 1.826 END 
IMMEDIATE_REWARD: -12.7
DISCOUNT_FACTOR: 0.8858424
DISCOUNTED_REWARD: -11.2502
SOLVER_DATA_BEGIN
NUM HISTORIES: 1709
TotalTreeDepth: 11
RelativeTreeDepth: 4
TotalNumNodesInTree: 2430
NumNodesSubtree: 473
TotalNumPropagations: 0
SOLVER_DATA_END
t = 7
S: 118.188 0.126 111.3278 -1.7 3.324973 0 w: 1 END USER_DATA_BEGIN  USER_DATA_END 
A: -2.5 0 END 
O: 5.223534 1.826 END 
IMMEDIATE_REWARD: -12.7
DISCOUNT_FACTOR: 0.8681255
DISCOUNTED_REWARD: -11.02519
SOLVER_DATA_BEGIN
NUM HISTORIES: 1682
TotalTreeDepth: 12
RelativeTreeDepth: 4
TotalNumNodesInTree: 2482
NumNodesSubtree: 586
TotalNumPropagations: 0
SOLVER_DATA_END
t = 8
S: 117.438 0.126 112.174 -1.7 2.312569 0 w: 1 END USER_DATA_BEGIN  USER_DATA_END 
A: -1.77 -1.77 END 
O: 3.657451 1.295 END 
IMMEDIATE_REWARD: -21.24
DISCOUNT_FACTOR: 0.850763
DISCOUNTED_REWARD: -18.07021
SOLVER_DATA_BEGIN
NUM HISTORIES: 1671
TotalTreeDepth: 14
RelativeTreeDepth: 5
TotalNumNodesInTree: 2397
NumNodesSubtree: 100
TotalNumPropagations: 0
SOLVER_DATA_END
t = 9
S: 116.907 -0.405 112.7063 -1.7 1.226453 0 w: 1 END USER_DATA_BEGIN  USER_DATA_END 
A: -2.5 0 END 
O: 2.906458 1.295 END 
IMMEDIATE_REWARD: -6.86
DISCOUNT_FACTOR: 0.8337478
DISCOUNTED_REWARD: -5.719509
SOLVER_DATA_BEGIN
NUM HISTORIES: 2464
TotalTreeDepth: 15
RelativeTreeDepth: 5
TotalNumNodesInTree: 535
NumNodesSubtree: 98
TotalNumPropagations: 0
SOLVER_DATA_END
t = 10
S: 116.157 -0.405 112.9103 -1.7 0.1285247 0 w: 1 END USER_DATA_BEGIN  USER_DATA_END 
A: -1.77 -1.77 END 
O: 3.60951 0.764 END 
IMMEDIATE_REWARD: -6.859999
DISCOUNT_FACTOR: 0.8170728
DISCOUNTED_REWARD: -5.605119
SOLVER_DATA_BEGIN
NUM HISTORIES: 10509
TotalTreeDepth: 15
RelativeTreeDepth: 4
TotalNumNodesInTree: 197
NumNodesSubtree: 66
TotalNumPropagations: 0
SOLVER_DATA_END
t = 11
S: 115.626 -0.936 112.7923 -1.7 0 0 w: 1 END USER_DATA_BEGIN  USER_DATA_END 
A: -2.5 0 END 
O: 1.285008 0.764 END 
IMMEDIATE_REWARD: 4980.62
DISCOUNT_FACTOR: 0.8007314
DISCOUNTED_REWARD: 3988.139
SOLVER_DATA_BEGIN
NUM HISTORIES: 19546
TotalTreeDepth: 15
RelativeTreeDepth: 3
TotalNumNodesInTree: 86
NumNodesSubtree: 31
TotalNumPropagations: 0
SOLVER_DATA_END
FINAL_STATE_BEGIN
S: 114.876 -0.936 112.7923 -1.7 0 0 w: 1 END USER_DATA_BEGIN  USER_DATA_END 
FINAL_STATE_END
Total discounted reward: 3876.774
Num steps: 12
Total time taken: 4158.089ms
RUN_FINISHED_USER_DATA_BEGIN
RUN_FINISHED_USER_DATA_END
Run #2
t = 0
S: 120 3 100 -1.7 0 3 w: 1 END USER_DATA_BEGIN  USER_DATA_END 
A: -1.77 -1.77 END 
O: 19.06211 4.169 END 
IMMEDIATE_REWARD: -11.46
DISCOUNT_FACTOR: 1
DISCOUNTED_REWARD: -11.46
SOLVER_DATA_BEGIN
NUM HISTORIES: 2299
TotalTreeDepth: 5
RelativeTreeDepth: 4
TotalNumNodesInTree: 2701
NumNodesSubtree: 297
TotalNumPropagations: 0
SOLVER_DATA_END
t = 1
S: 119.469 2.469 100 -1.7 8.201235 3 w: 1 END USER_DATA_BEGIN  USER_DATA_END 
A: -2.5 0 END 
O: 14.58544 4.169 END 
IMMEDIATE_REWARD: -11.46
DISCOUNT_FACTOR: 0.98
DISCOUNTED_REWARD: -11.2308
SOLVER_DATA_BEGIN
NUM HISTORIES: 1858
TotalTreeDepth: 6
RelativeTreeDepth: 4
TotalNumNodesInTree: 2529
NumNodesSubtree: 228
TotalNumPropagations: 0
SOLVER_DATA_END
t = 2
S: 118.719 2.469 102.4604 -1.7 8.33 3 w: 1 END USER_DATA_BEGIN  USER_DATA_END 
A: 0 -2.5 END 
O: 14.36331 3.419 END 
IMMEDIATE_REWARD: -11.46
DISCOUNT_FACTOR: 0.9604
DISCOUNTED_REWARD: -11.00618
SOLVER_DATA_BEGIN
NUM HISTORIES: 1730
TotalTreeDepth: 7
RelativeTreeDepth: 4
TotalNumNodesInTree: 2315
NumNodesSubtree: 475
TotalNumPropagations: 0
SOLVER_DATA_END
t = 3
S: 118.719 1.719 104.8118 -1.7 7.325818 0 w: 1 END USER_DATA_BEGIN  USER_DATA_END 
A: 0 -2.5 END 
O: 13.31945 2.669 END 
IMMEDIATE_REWARD: -5
DISCOUNT_FACTOR: 0.941192
DISCOUNTED_REWARD: -4.70596
SOLVER_DATA_BEGIN
NUM HISTORIES: 1700
TotalTreeDepth: 8
RelativeTreeDepth: 4
TotalNumNodesInTree: 2526
NumNodesSubtree: 98
TotalNumPropagations: 0
SOLVER_DATA_END
t = 4
S: 118.719 0.969 106.863 -1.7 6.384888 0 w: 1 END USER_DATA_BEGIN  USER_DATA_END 
A: 0 -2.5 END 
O: 11.89554 1.919 END 
IMMEDIATE_REWARD: -5
DISCOUNT_FACTOR: 0.9223682
DISCOUNTED_REWARD: -4.611841
SOLVER_DATA_BEGIN
NUM HISTORIES: 1761
TotalTreeDepth: 9
RelativeTreeDepth: 4
TotalNumNodesInTree: 2232
NumNodesSubtree: 332
TotalNumPropagations: 0
SOLVER_DATA_END
t = 5
S: 118.719 0.219 108.6086 -1.7 5.459138 0 w: 1 END USER_DATA_BEGIN  USER_DATA_END 
A: -2.5 0 END 
O: 8.117826 1.919 END 
IMMEDIATE_REWARD: -5
DISCOUNT_FACTOR: 0.9039208
DISCOUNTED_REWARD: -4.519604
SOLVER_DATA_BEGIN
NUM HISTORIES: 1690
TotalTreeDepth: 10
RelativeTreeDepth: 4
TotalNumNodesInTree: 2384
NumNodesSubtree: 586
TotalNumPropagations: 0
SOLVER_DATA_END
t = 6
S: 117.969 0.219 110.0817 -1.7 4.169271 0 w: 1 END USER_DATA_BEGIN  USER_DATA_END 
A: -2.5 0 END 
O: 4.207774 1.919 END 
IMMEDIATE_REWARD: -5
DISCOUNT_FACTOR: 0.8858424
DISCOUNTED_REWARD: -4.429212
SOLVER_DATA_BEGIN
NUM HISTORIES: 1691
TotalTreeDepth: 12
RelativeTreeDepth: 5
TotalNumNodesInTree: 2589
NumNodesSubtree: 513
TotalNumPropagations: 0
SOLVER_DATA_END
t = 7
S: 117.219 0.219 111.1825 -1.7 3.179133 0 w: 1 END USER_DATA_BEGIN  USER_DATA_END 
A: -2.5 0 END 
O: 5.531522 1.919 END 
IMMEDIATE_REWARD: -5
DISCOUNT_FACTOR: 0.8681255
DISCOUNTED_REWARD: -4.340628
SOLVER_DATA_BEGIN
NUM HISTORIES: 1618
TotalTreeDepth: 13
RelativeTreeDepth: 5
TotalNumNodesInTree: 1505
NumNodesSubtree: 349
TotalNumPropagations: 0
SOLVER_DATA_END
t = 8
S: 116.469 0.219 111.9824 -1.7 2.155068 0 w: 1 END USER_DATA_BEGIN  USER_DATA_END 
A: -1.77 -1.77 END 
O: 4.782728 1.388 END 
IMMEDIATE_REWARD: -13.54
DISCOUNT_FACTOR: 0.850763
DISCOUNTED_REWARD: -11.51933
SOLVER_DATA_BEGIN
NUM HISTORIES: 1852
TotalTreeDepth: 14
RelativeTreeDepth: 5
TotalNumNodesInTree: 575
NumNodesSubtree: 208
TotalNumPropagations: 0
SOLVER_DATA_END
t = 9
S: 115.938 -0.312 112.4735 -1.7 1.114392 0 w: 1 END USER_DATA_BEGIN  USER_DATA_END 
A: -2.5 0 END 
O: 3.53541 1.388 END 
IMMEDIATE_REWARD: -12.08
DISCOUNT_FACTOR: 0.8337478
DISCOUNTED_REWARD: -10.07167
SOLVER_DATA_BEGIN
NUM HISTORIES: 5678
TotalTreeDepth: 14
RelativeTreeDepth: 4
TotalNumNodesInTree: 325
NumNodesSubtree: 92
TotalNumPropagations: 0
SOLVER_DATA_END
t = 10
S: 115.188 -0.312 112.6526 -1.7 0.07925778 0 w: 1 END USER_DATA_BEGIN  USER_DATA_END 
A: -1.77 -1.77 END 
O: 0.9951833 0.857 END 
IMMEDIATE_REWARD: 4987.92
DISCOUNT_FACTOR: 0.8170728
DISCOUNTED_REWARD: 4075.494
SOLVER_DATA_BEGIN
NUM HISTORIES: 16713
TotalTreeDepth: 14
RelativeTreeDepth: 3
TotalNumNodesInTree: 135
NumNodesSubtree: 58
TotalNumPropagations: 0
SOLVER_DATA_END
FINAL_STATE_BEGIN
S: 114.657 -0.843 112.5114 -1.7 0 0 w: 1 END USER_DATA_BEGIN  USER_DATA_END 
FINAL_STATE_END
Total discounted reward: 3997.599
Num steps: 11
Total time taken: 3796.723ms
RUN_FINISHED_USER_DATA_BEGIN
RUN_FINISHED_USER_DATA_END
Run #3
t = 0
S: 120 3 100 -1.7 0 3 w: 1 END USER_DATA_BEGIN  USER_DATA_END 
A: 0 -2.5 END 
O: 20.8807 3.95 END 
IMMEDIATE_REWARD: -5
DISCOUNT_FACTOR: 1
DISCOUNTED_REWARD: -5
SOLVER_DATA_BEGIN
NUM HISTORIES: 2306
TotalTreeDepth: 5
RelativeTreeDepth: 4
TotalNumNodesInTree: 2734
NumNodesSubtree: 487
TotalNumPropagations: 0
SOLVER_DATA_END
t = 1
S: 120 2.25 100 -1.7 8.30267 3 w: 1 END USER_DATA_BEGIN  USER_DATA_END 
A: -2.5 0 END 
O: 15.78892 3.95 END 
IMMEDIATE_REWARD: -5
DISCOUNT_FACTOR: 0.98
DISCOUNTED_REWARD: -4.9
SOLVER_DATA_BEGIN
NUM HISTORIES: 1788
TotalTreeDepth: 6
RelativeTreeDepth: 4
TotalNumNodesInTree: 2660
NumNodesSubtree: 162
TotalNumPropagations: 0
SOLVER_DATA_END
t = 2
S: 119.25 2.25 102.4908 -1.7 7.948626 3 w: 1 END USER_DATA_BEGIN  USER_DATA_END 
A: 0 -2.5 END 
O: 13.20047 3.2 END 
IMMEDIATE_REWARD: -5
DISCOUNT_FACTOR: 0.9604
DISCOUNTED_REWARD: -4.802
SOLVER_DATA_BEGIN
NUM HISTORIES: 1690
TotalTreeDepth: 7
RelativeTreeDepth: 4
TotalNumNodesInTree: 2176
NumNodesSubtree: 546
TotalNumPropagations: 0
SOLVER_DATA_END
t = 3
S: 119.25 1.5 104.7318 -1.7 7.315745 0 w: 1 END USER_DATA_BEGIN  USER_DATA_END 
A: -1.77 -1.77 END 
O: 12.01312 2.669 END 
IMMEDIATE_REWARD: -5
DISCOUNT_FACTOR: 0.941192
DISCOUNTED_REWARD: -4.70596
SOLVER_DATA_BEGIN
NUM HISTORIES: 1661
TotalTreeDepth: 8
RelativeTreeDepth: 4
TotalNumNodesInTree: 2541
NumNodesSubtree: 591
TotalNumPropagations: 0
SOLVER_DATA_END
t = 4
S: 118.719 0.969 106.7586 -1.7 6.105146 0 w: 1 END USER_DATA_BEGIN  USER_DATA_END 
A: 0 -2.5 END 
O: 12.1386 1.919 END 
IMMEDIATE_REWARD: -5
DISCOUNT_FACTOR: 0.9223682
DISCOUNTED_REWARD: -4.611841
SOLVER_DATA_BEGIN
NUM HISTORIES: 1657
TotalTreeDepth: 9
RelativeTreeDepth: 4
TotalNumNodesInTree: 2576
NumNodesSubtree: 370
TotalNumPropagations: 0
SOLVER_DATA_END
t = 5
S: 118.719 0.219 108.4296 -1.7 4.879101 0 w: 1 END USER_DATA_BEGIN  USER_DATA_END 
A: -2.5 0 END 
O: 6.191715 1.919 END 
IMMEDIATE_REWARD: -5
DISCOUNT_FACTOR: 0.9039208
DISCOUNTED_REWARD: -4.519604
SOLVER_DATA_BEGIN
NUM HISTORIES: 1632
TotalTreeDepth: 10
RelativeTreeDepth: 4
TotalNumNodesInTree: 2355
NumNodesSubtree: 83
TotalNumPropagations: 0
SOLVER_DATA_END
t = 6
S: 117.969 0.219 109.7506 -1.7 4.079433 0 w: 1 END USER_DATA_BEGIN  USER_DATA_END 
A: -2.5 0 END 
O: 6.995852 1.919 END 
IMMEDIATE_REWARD: -5
DISCOUNT_FACTOR: 0.8858424
DISCOUNTED_REWARD: -4.429212
SOLVER_DATA_BEGIN
NUM HISTORIES: 1659
TotalTreeDepth: 12
RelativeTreeDepth: 5
TotalNumNodesInTree: 2027
NumNodesSubtree: 152
TotalNumPropagations: 0
SOLVER_DATA_END
t = 7
S: 117.219 0.219 110.8212 -1.7 2.954912 0 w: 1 END USER_DATA_BEGIN  USER_DATA_END 
A: -2.5 0 END 
O: 5.154638 1.919 END 
IMMEDIATE_REWARD: -5
DISCOUNT_FACTOR: 0.8681255
DISCOUNTED_REWARD: -4.340628
SOLVER_DATA_BEGIN
NUM HISTORIES: 1575
TotalTreeDepth: 13
RelativeTreeDepth: 5
TotalNumNodesInTree: 1783
NumNodesSubtree: 494
TotalNumPropagations: 0
SOLVER_DATA_END
t = 8
S: 116.469 0.219 111.5506 -1.7 1.894726 0 w: 1 END USER_DATA_BEGIN  USER_DATA_END 
A: -1.77 -1.77 END 
O: 6.372752 1.388 END 
IMMEDIATE_REWARD: -13.54
DISCOUNT_FACTOR: 0.850763
DISCOUNTED_REWARD: -11.51933
SOLVER_DATA_BEGIN
NUM HISTORIES: 1855
TotalTreeDepth: 14
RelativeTreeDepth: 5
TotalNumNodesInTree: 749
NumNodesSubtree: 157
TotalNumPropagations: 0
SOLVER_DATA_END
t = 9
S: 115.938 -0.312 111.9705 -1.7 0.9112409 0 w: 1 END USER_DATA_BEGIN  USER_DATA_END 
A: -2.5 0 END 
O: 3.006326 1.388 END 
IMMEDIATE_REWARD: -12.08
DISCOUNT_FACTOR: 0.8337478
DISCOUNTED_REWARD: -10.07167
SOLVER_DATA_BEGIN
NUM HISTORIES: 5509
TotalTreeDepth: 14
RelativeTreeDepth: 4
TotalNumNodesInTree: 364
NumNodesSubtree: 82
TotalNumPropagations: 0
SOLVER_DATA_END
t = 10
S: 115.188 -0.312 112.087 -1.7 0 0 w: 1 END USER_DATA_BEGIN  USER_DATA_END 
A: -1.77 -1.77 END 
O: 3.100898 0.857 END 
IMMEDIATE_REWARD: 4987.92
DISCOUNT_FACTOR: 0.8170728
DISCOUNTED_REWARD: 4075.494
SOLVER_DATA_BEGIN
NUM HISTORIES: 14748
TotalTreeDepth: 14
RelativeTreeDepth: 3
TotalNumNodesInTree: 110
NumNodesSubtree: 32
TotalNumPropagations: 0
SOLVER_DATA_END
FINAL_STATE_BEGIN
S: 114.657 -0.843 112.087 -1.7 0 0 w: 1 END USER_DATA_BEGIN  USER_DATA_END 
FINAL_STATE_END
Total discounted reward: 4016.594
Num steps: 11
Total time taken: 3808.362ms
RUN_FINISHED_USER_DATA_BEGIN
RUN_FINISHED_USER_DATA_END
Run #4
t = 0
S: 120 3 100 -1.7 0 3 w: 1 END USER_DATA_BEGIN  USER_DATA_END 
A: 0 -2.5 END 
O: 18.74052 3.95 END 
IMMEDIATE_REWARD: -5
DISCOUNT_FACTOR: 1
DISCOUNTED_REWARD: -5
SOLVER_DATA_BEGIN
NUM HISTORIES: 2210
TotalTreeDepth: 5
RelativeTreeDepth: 4
TotalNumNodesInTree: 2609
NumNodesSubtree: 155
TotalNumPropagations: 0
SOLVER_DATA_END
t = 1
S: 120 2.25 100 -1.7 8.24946 3 w: 1 END USER_DATA_BEGIN  USER_DATA_END 
A: -2.5 0 END 
O: 17.46698 3.95 END 
IMMEDIATE_REWARD: -5
DISCOUNT_FACTOR: 0.98
DISCOUNTED_REWARD: -4.9
SOLVER_DATA_BEGIN
NUM HISTORIES: 1814
TotalTreeDepth: 6
RelativeTreeDepth: 4
TotalNumNodesInTree: 2330
NumNodesSubtree: 432
TotalNumPropagations: 0
SOLVER_DATA_END
t = 2
S: 119.25 2.25 102.4748 -1.7 8.33 3 w: 1 END USER_DATA_BEGIN  USER_DATA_END 
A: 0 -2.5 END 
O: 13.79081 3.2 END 
IMMEDIATE_REWARD: -5
DISCOUNT_FACTOR: 0.9604
DISCOUNTED_REWARD: -4.802
SOLVER_DATA_BEGIN
NUM HISTORIES: 1628
TotalTreeDepth: 7
RelativeTreeDepth: 4
TotalNumNodesInTree: 2371
NumNodesSubtree: 586
TotalNumPropagations: 0
SOLVER_DATA_END
t = 3
S: 119.25 1.5 104.8028 -1.7 7.521757 0 w: 1 END USER_DATA_BEGIN  USER_DATA_END 
A: -1.77 -1.77 END 
O: 12.72683 2.669 END 
IMMEDIATE_REWARD: -5
DISCOUNT_FACTOR: 0.941192
DISCOUNTED_REWARD: -4.70596
SOLVER_DATA_BEGIN
NUM HISTORIES: 1589
TotalTreeDepth: 8
RelativeTreeDepth: 4
TotalNumNodesInTree: 2477
NumNodesSubtree: 561
TotalNumPropagations: 0
SOLVER_DATA_END
t = 4
S: 118.719 0.969 106.8979 -1.7 6.482763 0 w: 1 END USER_DATA_BEGIN  USER_DATA_END 
A: -1.77 -1.77 END 
O: 9.12322 2.138 END 
IMMEDIATE_REWARD: -11.46
DISCOUNT_FACTOR: 0.9223682
DISCOUNTED_REWARD: -10.57034
SOLVER_DATA_BEGIN
NUM HISTORIES: 1541
TotalTreeDepth: 9
RelativeTreeDepth: 4
TotalNumNodesInTree: 2405
NumNodesSubtree: 300
TotalNumPropagations: 0
SOLVER_DATA_END
t = 5
S: 118.188 0.438 108.6913 -1.7 5.44713 0 w: 1 END USER_DATA_BEGIN  USER_DATA_END 
A: -2.5 0 END 
O: 7.338561 2.138 END 
IMMEDIATE_REWARD: -11.46
DISCOUNT_FACTOR: 0.9039208
DISCOUNTED_REWARD: -10.35893
SOLVER_DATA_BEGIN
NUM HISTORIES: 1562
TotalTreeDepth: 10
RelativeTreeDepth: 4
TotalNumNodesInTree: 2164
NumNodesSubtree: 391
TotalNumPropagations: 0
SOLVER_DATA_END
t = 6
S: 117.438 0.438 110.1771 -1.7 4.553566 0 w: 1 END USER_DATA_BEGIN  USER_DATA_END 
A: -1.77 -1.77 END 
O: 6.731823 1.607 END 
IMMEDIATE_REWARD: -11.24
DISCOUNT_FACTOR: 0.8858424
DISCOUNTED_REWARD: -9.956868
SOLVER_DATA_BEGIN
NUM HISTORIES: 1587
TotalTreeDepth: 12
RelativeTreeDepth: 5
TotalNumNodesInTree: 2211
NumNodesSubtree: 378
TotalNumPropagations: 0
SOLVER_DATA_END
t = 7
S: 116.907 -0.09299998 111.3754 -1.7 3.593038 0 w: 1 END USER_DATA_BEGIN  USER_DATA_END 
A: -2.5 0 END 
O: 2.989785 1.607 END 
IMMEDIATE_REWARD: -11.24
DISCOUNT_FACTOR: 0.8681255
DISCOUNTED_REWARD: -9.757731
SOLVER_DATA_BEGIN
NUM HISTORIES: 1580
TotalTreeDepth: 14
RelativeTreeDepth: 6
TotalNumNodesInTree: 1453
NumNodesSubtree: 108
TotalNumPropagations: 0
SOLVER_DATA_END
t = 8
S: 116.157 -0.09299998 112.3013 -1.7 2.603861 0 w: 1 END USER_DATA_BEGIN  USER_DATA_END 
A: -1.77 -1.77 END 
O: 2.454034 1.076 END 
IMMEDIATE_REWARD: -16.86
DISCOUNT_FACTOR: 0.850763
DISCOUNTED_REWARD: -14.34386
SOLVER_DATA_BEGIN
NUM HISTORIES: 2541
TotalTreeDepth: 13
RelativeTreeDepth: 4
TotalNumNodesInTree: 183
NumNodesSubtree: 70
TotalNumPropagations: 0
SOLVER_DATA_END
t = 9
S: 115.626 -0.624 112.9271 -1.7 1.56571 0 w: 1 END USER_DATA_BEGIN  USER_DATA_END 
A: -1.77 -1.77 END 
O: 0.5979487 0.545 END 
IMMEDIATE_REWARD: 4976.06
DISCOUNT_FACTOR: 0.8337478
DISCOUNTED_REWARD: 4148.779
SOLVER_DATA_BEGIN
NUM HISTORIES: 6689
TotalTreeDepth: 13
RelativeTreeDepth: 3
TotalNumNodesInTree: 101
NumNodesSubtree: 12
TotalNumPropagations: 0
SOLVER_DATA_END
FINAL_STATE_BEGIN
S: 115.095 -1.155 113.2544 -1.7 0.5860252 0 w: 1 END USER_DATA_BEGIN  USER_DATA_END 
FINAL_STATE_END
Total discounted reward: 4074.383
Num steps: 10
Total time taken: 3473.674ms
RUN_FINISHED_USER_DATA_BEGIN
RUN_FINISHED_USER_DATA_END
Run #5
t = 0
S: 120 3 100 -1.7 0 3 w: 1 END USER_DATA_BEGIN  USER_DATA_END 
A: -1.77 -1.77 END 
O: 18.84837 4.169 END 
IMMEDIATE_REWARD: -11.46
DISCOUNT_FACTOR: 1
DISCOUNTED_REWARD: -11.46
SOLVER_DATA_BEGIN
NUM HISTORIES: 2162
TotalTreeDepth: 5
RelativeTreeDepth: 4
TotalNumNodesInTree: 2516
NumNodesSubtree: 303
TotalNumPropagations: 0
SOLVER_DATA_END
t = 1
S: 119.469 2.469 100 -1.7 8.33 3 w: 1 END USER_DATA_BEGIN  USER_DATA_END 
A: -1.77 -1.77 END 
O: 15.90419 3.638 END 
IMMEDIATE_REWARD: -11.24
DISCOUNT_FACTOR: 0.98
DISCOUNTED_REWARD: -11.0152
SOLVER_DATA_BEGIN
NUM HISTORIES: 1761
TotalTreeDepth: 6
RelativeTreeDepth: 4
TotalNumNodesInTree: 2392
NumNodesSubtree: 244
TotalNumPropagations: 0
SOLVER_DATA_END
t = 2
S: 118.938 1.938 102.499 -1.7 8.33 3 w: 1 END USER_DATA_BEGIN  USER_DATA_END 
A: 0 -2.5 END 
O: 14.75685 2.888 END 
IMMEDIATE_REWARD: -11.24
DISCOUNT_FACTOR: 0.9604
DISCOUNTED_REWARD: -10.7949
SOLVER_DATA_BEGIN
NUM HISTORIES: 1596
TotalTreeDepth: 7
RelativeTreeDepth: 4
TotalNumNodesInTree: 2138
NumNodesSubtree: 383
TotalNumPropagations: 0
SOLVER_DATA_END
t = 3
S: 118.938 1.188 104.845 -1.7 7.26059 0 w: 1 END USER_DATA_BEGIN  USER_DATA_END 
A: 0 -2.5 END 
O: 14.09129 2.138 END 
IMMEDIATE_REWARD: -13.54
DISCOUNT_FACTOR: 0.941192
DISCOUNTED_REWARD: -12.74374
SOLVER_DATA_BEGIN
NUM HISTORIES: 1538
TotalTreeDepth: 8
RelativeTreeDepth: 4
TotalNumNodesInTree: 2219
NumNodesSubtree: 76
TotalNumPropagations: 0
SOLVER_DATA_END
t = 4
S: 118.938 0.438 106.8765 -1.7 6.447709 0 w: 1 END USER_DATA_BEGIN  USER_DATA_END 
A: -2.5 0 END 
O: 9.20649 2.138 END 
IMMEDIATE_REWARD: -11.46
DISCOUNT_FACTOR: 0.9223682
DISCOUNTED_REWARD: -10.57034
SOLVER_DATA_BEGIN
NUM HISTORIES: 1529
TotalTreeDepth: 9
RelativeTreeDepth: 4
TotalNumNodesInTree: 1925
NumNodesSubtree: 260
TotalNumPropagations: 0
SOLVER_DATA_END
t = 5
S: 118.188 0.438 108.6445 -1.7 5.075425 0 w: 1 END USER_DATA_BEGIN  USER_DATA_END 
A: -2.5 0 END 
O: 6.895972 2.138 END 
IMMEDIATE_REWARD: -11.46
DISCOUNT_FACTOR: 0.9039208
DISCOUNTED_REWARD: -10.35893
SOLVER_DATA_BEGIN
NUM HISTORIES: 1604
TotalTreeDepth: 10
RelativeTreeDepth: 4
TotalNumNodesInTree: 2212
NumNodesSubtree: 381
TotalNumPropagations: 0
SOLVER_DATA_END
t = 6
S: 117.438 0.438 109.994 -1.7 4.035117 0 w: 1 END USER_DATA_BEGIN  USER_DATA_END 
A: -2.5 0 END 
O: 4.326197 2.138 END 
IMMEDIATE_REWARD: -11.46
DISCOUNT_FACTOR: 0.8858424
DISCOUNTED_REWARD: -10.15175
SOLVER_DATA_BEGIN
NUM HISTORIES: 1461
TotalTreeDepth: 12
RelativeTreeDepth: 5
TotalNumNodesInTree: 2079
NumNodesSubtree: 386
TotalNumPropagations: 0
SOLVER_DATA_END
t = 7
S: 116.688 0.438 111.0565 -1.7 3.194863 0 w: 1 END USER_DATA_BEGIN  USER_DATA_END 
A: -1.77 -1.77 END 
O: 4.445239 1.607 END 
IMMEDIATE_REWARD: -11.24
DISCOUNT_FACTOR: 0.8681255
DISCOUNTED_REWARD: -9.757731
SOLVER_DATA_BEGIN
NUM HISTORIES: 1551
TotalTreeDepth: 13
RelativeTreeDepth: 5
TotalNumNodesInTree: 858
NumNodesSubtree: 218
TotalNumPropagations: 0
SOLVER_DATA_END
t = 8
S: 116.157 -0.09299998 111.8445 -1.7 2.136147 0 w: 1 END USER_DATA_BEGIN  USER_DATA_END 
A: -1.77 -1.77 END 
O: 4.316822 1.076 END 
IMMEDIATE_REWARD: -16.86
DISCOUNT_FACTOR: 0.850763
DISCOUNTED_REWARD: -14.34386
SOLVER_DATA_BEGIN
NUM HISTORIES: 2013
TotalTreeDepth: 13
RelativeTreeDepth: 4
TotalNumNodesInTree: 311
NumNodesSubtree: 134
TotalNumPropagations: 0
SOLVER_DATA_END
t = 9
S: 115.626 -0.624 112.3315 -1.7 1.155582 0 w: 1 END USER_DATA_BEGIN  USER_DATA_END 
A: -1.77 -1.77 END 
O: 2.705267 0.545 END 
IMMEDIATE_REWARD: 4976.06
DISCOUNT_FACTOR: 0.8337478
DISCOUNTED_REWARD: 4148.779
SOLVER_DATA_BEGIN
NUM HISTORIES: 5351
TotalTreeDepth: 14
RelativeTreeDepth: 4
TotalNumNodesInTree: 193
NumNodesSubtree: 70
TotalNumPropagations: 0
SOLVER_DATA_END
FINAL_STATE_BEGIN
S: 115.095 -1.155 112.5281 -1.7 0.1473691 0 w: 1 END USER_DATA_BEGIN  USER_DATA_END 
FINAL_STATE_END
Total discounted reward: 4047.582
Num steps: 10
Total time taken: 3468.682ms
RUN_FINISHED_USER_DATA_BEGIN
RUN_FINISHED_USER_DATA_END
##################################
Mean number of steps: 10
Mean planning time per step: 302.8522ms
Num successful runs: 5
Percentage of successful runs: 100
Average total discounted reward: 4002.586
