seed: 598947743
Robot: Pedestrian
Planning environment: /home/jimy/SKD_DEVEL/skd_oppt/models/SKDGenTestingEnvironment/SKDGenTestingEnvironmnent.sdf
Execution environment: /home/jimy/SKD_DEVEL/skd_oppt/models/SKDGenTestingEnvironment/SKDGenTestingEnvironmnent.sdf
solver: ABT
Run #1
t = 0
S: 120 3 100 -1.7 0 3 w: 1 END USER_DATA_BEGIN  USER_DATA_END 
A: 0 -2.5 END 
O: 20.19687 3.871781 END 
IMMEDIATE_REWARD: -5
DISCOUNT_FACTOR: 1
DISCOUNTED_REWARD: -5
SOLVER_DATA_BEGIN
NUM HISTORIES: 741
TotalTreeDepth: 4
RelativeTreeDepth: 3
TotalNumNodesInTree: 899
NumNodesSubtree: 164
TotalNumPropagations: 0
SOLVER_DATA_END
t = 1
S: 120 2.25 100.0175 -1.621781 0.06446113 3 w: 1 END USER_DATA_BEGIN  USER_DATA_END 
A: -2.5 0 END 
O: 20.24982 4.031851 END 
IMMEDIATE_REWARD: -5
DISCOUNT_FACTOR: 0.98
DISCOUNTED_REWARD: -4.9
SOLVER_DATA_BEGIN
NUM HISTORIES: 683
TotalTreeDepth: 5
RelativeTreeDepth: 3
TotalNumNodesInTree: 980
NumNodesSubtree: 18
TotalNumPropagations: 0
SOLVER_DATA_END
t = 2
S: 119.25 2.25 100.192 -1.781851 1.250678 3 w: 1 END USER_DATA_BEGIN  USER_DATA_END 
A: 1.77 -1.77 END 
O: 19.13254 3.465638 END 
IMMEDIATE_REWARD: -5
DISCOUNT_FACTOR: 0.9604
DISCOUNTED_REWARD: -4.802
SOLVER_DATA_BEGIN
NUM HISTORIES: 692
TotalTreeDepth: 6
RelativeTreeDepth: 3
TotalNumNodesInTree: 891
NumNodesSubtree: 120
TotalNumPropagations: 0
SOLVER_DATA_END
t = 3
S: 119.781 1.719 100.7564 -1.746638 2.747089 3 w: 1 END USER_DATA_BEGIN  USER_DATA_END 
A: 0 -2.5 END 
O: 16.81218 2.693985 END 
IMMEDIATE_REWARD: -5
DISCOUNT_FACTOR: 0.941192
DISCOUNTED_REWARD: -4.70596
SOLVER_DATA_BEGIN
NUM HISTORIES: 635
TotalTreeDepth: 7
RelativeTreeDepth: 3
TotalNumNodesInTree: 896
NumNodesSubtree: 171
TotalNumPropagations: 0
SOLVER_DATA_END
t = 4
S: 119.781 0.969 101.6473 -1.724985 3.896186 3 w: 1 END USER_DATA_BEGIN  USER_DATA_END 
A: 0 -2.5 END 
O: 15.51685 1.962689 END 
IMMEDIATE_REWARD: -5
DISCOUNT_FACTOR: 0.9223682
DISCOUNTED_REWARD: -4.611841
SOLVER_DATA_BEGIN
NUM HISTORIES: 644
TotalTreeDepth: 8
RelativeTreeDepth: 3
TotalNumNodesInTree: 967
NumNodesSubtree: 53
TotalNumPropagations: 0
SOLVER_DATA_END
t = 5
S: 119.781 0.219 102.7885 -1.743689 4.943224 3 w: 1 END USER_DATA_BEGIN  USER_DATA_END 
A: 0 -2.5 END 
O: 17.48247 1.177708 END 
IMMEDIATE_REWARD: -5
DISCOUNT_FACTOR: 0.9039208
DISCOUNTED_REWARD: -4.519604
SOLVER_DATA_BEGIN
NUM HISTORIES: 657
TotalTreeDepth: 9
RelativeTreeDepth: 3
TotalNumNodesInTree: 862
NumNodesSubtree: 63
TotalNumPropagations: 0
SOLVER_DATA_END
t = 6
S: 119.781 -0.531 104.3084 -1.708708 5.843362 3 w: 1 END USER_DATA_BEGIN  USER_DATA_END 
A: 0 2.5 END 
O: 12.60189 1.827233 END 
IMMEDIATE_REWARD: -5
DISCOUNT_FACTOR: 0.8858424
DISCOUNTED_REWARD: -4.429212
SOLVER_DATA_BEGIN
NUM HISTORIES: 638
TotalTreeDepth: 10
RelativeTreeDepth: 3
TotalNumNodesInTree: 855
NumNodesSubtree: 2
TotalNumPropagations: 0
SOLVER_DATA_END
t = 7
S: 119.781 0.219 105.9729 -1.608233 6.681947 3 w: 1 END USER_DATA_BEGIN  USER_DATA_END 
A: 0 0 END 
O: 9.986951 1.873404 END 
IMMEDIATE_REWARD: -5
DISCOUNT_FACTOR: 0.8681255
DISCOUNTED_REWARD: -4.340628
SOLVER_DATA_BEGIN
NUM HISTORIES: 707
TotalTreeDepth: 11
RelativeTreeDepth: 3
TotalNumNodesInTree: 883
NumNodesSubtree: 3
TotalNumPropagations: 0
SOLVER_DATA_END
t = 8
S: 119.781 0.219 107.8651 -1.654404 7.422849 3 w: 1 END USER_DATA_BEGIN  USER_DATA_END 
A: 0 0 END 
O: 9.950751 1.832614 END 
IMMEDIATE_REWARD: -5
DISCOUNT_FACTOR: 0.850763
DISCOUNTED_REWARD: -4.253815
SOLVER_DATA_BEGIN
NUM HISTORIES: 649
TotalTreeDepth: 12
RelativeTreeDepth: 3
TotalNumNodesInTree: 788
NumNodesSubtree: 13
TotalNumPropagations: 0
SOLVER_DATA_END
t = 9
S: 119.781 0.219 109.8807 -1.613614 8.110331 3 w: 1 END USER_DATA_BEGIN  USER_DATA_END 
A: 0 -2.5 END 
O: 7.567024 1.118399 END 
IMMEDIATE_REWARD: -5
DISCOUNT_FACTOR: 0.8337478
DISCOUNTED_REWARD: -4.168739
SOLVER_DATA_BEGIN
NUM HISTORIES: 674
TotalTreeDepth: 13
RelativeTreeDepth: 3
TotalNumNodesInTree: 825
NumNodesSubtree: 113
TotalNumPropagations: 0
SOLVER_DATA_END
t = 10
S: 119.781 -0.531 112.0308 -1.649399 8.33 0 w: 1 END USER_DATA_BEGIN  USER_DATA_END 
A: 1.77 -1.77 END 
O: 6.627644 0.5708368 END 
IMMEDIATE_REWARD: -5
DISCOUNT_FACTOR: 0.8170728
DISCOUNTED_REWARD: -4.085364
SOLVER_DATA_BEGIN
NUM HISTORIES: 685
TotalTreeDepth: 14
RelativeTreeDepth: 3
TotalNumNodesInTree: 971
NumNodesSubtree: 51
TotalNumPropagations: 0
SOLVER_DATA_END
t = 11
S: 120.312 -1.062 113.8358 -1.632837 4.982196 0 w: 1 END USER_DATA_BEGIN  USER_DATA_END 
A: 1.77 -1.77 END 
O: 5.892688 0.03816864 END 
IMMEDIATE_REWARD: -5
DISCOUNT_FACTOR: 0.8007314
DISCOUNTED_REWARD: -4.003657
SOLVER_DATA_BEGIN
NUM HISTORIES: 633
TotalTreeDepth: 15
RelativeTreeDepth: 3
TotalNumNodesInTree: 809
NumNodesSubtree: 139
TotalNumPropagations: 0
SOLVER_DATA_END
t = 12
S: 120.843 -1.593 114.7086 -1.631169 1.42123 0 w: 1 END USER_DATA_BEGIN  USER_DATA_END 
A: 0 -2.5 END 
O: 5.235168 -0.6039884 END 
IMMEDIATE_REWARD: -5
DISCOUNT_FACTOR: 0.7847167
DISCOUNTED_REWARD: -3.923584
SOLVER_DATA_BEGIN
NUM HISTORIES: 608
TotalTreeDepth: 16
RelativeTreeDepth: 3
TotalNumNodesInTree: 884
NumNodesSubtree: 156
TotalNumPropagations: 0
SOLVER_DATA_END
t = 13
S: 120.843 -2.343 114.7602 -1.739012 0.02579494 0 w: 1 END USER_DATA_BEGIN  USER_DATA_END 
A: 1.77 -1.77 END 
O: 5.309566 -1.222515 END 
IMMEDIATE_REWARD: -5
DISCOUNT_FACTOR: 0.7690224
DISCOUNTED_REWARD: -3.845112
SOLVER_DATA_BEGIN
NUM HISTORIES: 627
TotalTreeDepth: 17
RelativeTreeDepth: 3
TotalNumNodesInTree: 923
NumNodesSubtree: 129
TotalNumPropagations: 0
SOLVER_DATA_END
t = 14
S: 121.374 -2.874 114.7608 -1.651485 0 0 w: 1 END USER_DATA_BEGIN  USER_DATA_END 
A: 0 -2.5 END 
O: 6.837721 -1.929347 END 
IMMEDIATE_REWARD: -5
DISCOUNT_FACTOR: 0.7536419
DISCOUNTED_REWARD: -3.76821
SOLVER_DATA_BEGIN
NUM HISTORIES: 626
TotalTreeDepth: 18
RelativeTreeDepth: 3
TotalNumNodesInTree: 911
NumNodesSubtree: 143
TotalNumPropagations: 0
SOLVER_DATA_END
t = 15
S: 121.374 -3.624 114.7608 -1.694653 0 0 w: 1 END USER_DATA_BEGIN  USER_DATA_END 
A: 1.77 -1.77 END 
O: 7.486129 -2.480774 END 
IMMEDIATE_REWARD: -5
DISCOUNT_FACTOR: 0.7385691
DISCOUNTED_REWARD: -3.692846
SOLVER_DATA_BEGIN
NUM HISTORIES: 625
TotalTreeDepth: 19
RelativeTreeDepth: 3
TotalNumNodesInTree: 914
NumNodesSubtree: 61
TotalNumPropagations: 0
SOLVER_DATA_END
t = 16
S: 121.905 -4.155 114.7608 -1.674226 0 0 w: 1 END USER_DATA_BEGIN  USER_DATA_END 
A: 0 2.5 END 
O: 9.620404 -1.7627 END 
IMMEDIATE_REWARD: -5
DISCOUNT_FACTOR: 0.7237977
DISCOUNTED_REWARD: -3.618989
SOLVER_DATA_BEGIN
NUM HISTORIES: 646
TotalTreeDepth: 20
RelativeTreeDepth: 3
TotalNumNodesInTree: 841
NumNodesSubtree: 54
TotalNumPropagations: 0
SOLVER_DATA_END
t = 17
S: 121.905 -3.405 114.7608 -1.6423 0 0 w: 1 END USER_DATA_BEGIN  USER_DATA_END 
A: 0 -2.5 END 
O: 7.805461 -2.466024 END 
IMMEDIATE_REWARD: -5
DISCOUNT_FACTOR: 0.7093218
DISCOUNTED_REWARD: -3.546609
SOLVER_DATA_BEGIN
NUM HISTORIES: 634
TotalTreeDepth: 21
RelativeTreeDepth: 3
TotalNumNodesInTree: 810
NumNodesSubtree: 73
TotalNumPropagations: 0
SOLVER_DATA_END
t = 18
S: 121.905 -4.155 114.7608 -1.688976 0 0 w: 1 END USER_DATA_BEGIN  USER_DATA_END 
A: 0 0 END 
O: 6.026372 -2.421445 END 
IMMEDIATE_REWARD: -5
DISCOUNT_FACTOR: 0.6951353
DISCOUNTED_REWARD: -3.475677
SOLVER_DATA_BEGIN
NUM HISTORIES: 662
TotalTreeDepth: 22
RelativeTreeDepth: 3
TotalNumNodesInTree: 874
NumNodesSubtree: 68
TotalNumPropagations: 0
SOLVER_DATA_END
t = 19
S: 121.905 -4.155 114.7608 -1.733555 0 0 w: 1 END USER_DATA_BEGIN  USER_DATA_END 
A: -1.77 -1.77 END 
O: 4.515402 -2.751509 END 
IMMEDIATE_REWARD: -5
DISCOUNT_FACTOR: 0.6812326
DISCOUNTED_REWARD: -3.406163
SOLVER_DATA_BEGIN
NUM HISTORIES: 630
TotalTreeDepth: 23
RelativeTreeDepth: 3
TotalNumNodesInTree: 837
NumNodesSubtree: 90
TotalNumPropagations: 0
SOLVER_DATA_END
t = 20
S: 121.374 -4.5 114.7608 -1.748491 0 3 w: 1 END USER_DATA_BEGIN  USER_DATA_END 
A: 1.77 -1.77 END 
O: 6.093149 -2.770269 END 
IMMEDIATE_REWARD: -5
DISCOUNT_FACTOR: 0.667608
DISCOUNTED_REWARD: -3.33804
SOLVER_DATA_BEGIN
NUM HISTORIES: 625
TotalTreeDepth: 24
RelativeTreeDepth: 3
TotalNumNodesInTree: 844
NumNodesSubtree: 78
TotalNumPropagations: 0
SOLVER_DATA_END
t = 21
S: 121.905 -4.5 114.7721 -1.729731 0.04374303 3 w: 1 END USER_DATA_BEGIN  USER_DATA_END 
A: 0 2.5 END 
O: 7.610161 -2.120713 END 
IMMEDIATE_REWARD: -5
DISCOUNT_FACTOR: 0.6542558
DISCOUNTED_REWARD: -3.271279
SOLVER_DATA_BEGIN
NUM HISTORIES: 662
TotalTreeDepth: 25
RelativeTreeDepth: 3
TotalNumNodesInTree: 889
NumNodesSubtree: 75
TotalNumPropagations: 0
SOLVER_DATA_END
t = 22
S: 121.905 -3.75 114.8913 -1.629287 1.015329 0 w: 1 END USER_DATA_BEGIN  USER_DATA_END 
A: 0 0 END 
O: 6.086425 -2.017209 END 
IMMEDIATE_REWARD: -5
DISCOUNT_FACTOR: 0.6411707
DISCOUNTED_REWARD: -3.205853
SOLVER_DATA_BEGIN
NUM HISTORIES: 676
TotalTreeDepth: 26
RelativeTreeDepth: 3
TotalNumNodesInTree: 910
NumNodesSubtree: 96
TotalNumPropagations: 0
SOLVER_DATA_END
t = 23
S: 121.905 -3.75 114.9085 -1.732791 0 0 w: 1 END USER_DATA_BEGIN  USER_DATA_END 
A: 0 2.5 END 
O: 8.046001 -1.213465 END 
IMMEDIATE_REWARD: -5
DISCOUNT_FACTOR: 0.6283473
DISCOUNTED_REWARD: -3.141736
SOLVER_DATA_BEGIN
NUM HISTORIES: 641
TotalTreeDepth: 27
RelativeTreeDepth: 3
TotalNumNodesInTree: 896
NumNodesSubtree: 40
TotalNumPropagations: 0
SOLVER_DATA_END
t = 24
S: 121.905 -3 114.9085 -1.786535 0 0 w: 1 END USER_DATA_BEGIN  USER_DATA_END 
A: 0 -2.5 END 
O: 7.189782 -2.055176 END 
IMMEDIATE_REWARD: -5
DISCOUNT_FACTOR: 0.6157803
DISCOUNTED_REWARD: -3.078902
SOLVER_DATA_BEGIN
NUM HISTORIES: 649
TotalTreeDepth: 28
RelativeTreeDepth: 3
TotalNumNodesInTree: 848
NumNodesSubtree: 76
TotalNumPropagations: 0
SOLVER_DATA_END
FINAL_STATE_BEGIN
S: 121.905 -3.75 114.9085 -1.694824 0 0 w: 1 END USER_DATA_BEGIN  USER_DATA_END 
FINAL_STATE_END
Total discounted reward: -99.13382
Num steps: 25
Total time taken: 11549.93ms
RUN_FINISHED_USER_DATA_BEGIN
RUN_FINISHED_USER_DATA_END
Run #2
t = 0
S: 120 3 100 -1.7 0 3 w: 1 END USER_DATA_BEGIN  USER_DATA_END 
A: 0 -2.5 END 
O: 21.04978 3.852331 END 
IMMEDIATE_REWARD: -5
DISCOUNT_FACTOR: 1
DISCOUNTED_REWARD: -5
SOLVER_DATA_BEGIN
NUM HISTORIES: 727
TotalTreeDepth: 4
RelativeTreeDepth: 3
TotalNumNodesInTree: 879
NumNodesSubtree: 162
TotalNumPropagations: 0
SOLVER_DATA_END
t = 1
S: 120 2.25 100.0179 -1.602331 0.06286887 3 w: 1 END USER_DATA_BEGIN  USER_DATA_END 
A: 1.77 -1.77 END 
O: 21.5139 3.387751 END 
IMMEDIATE_REWARD: -5
DISCOUNT_FACTOR: 0.98
DISCOUNTED_REWARD: -4.9
SOLVER_DATA_BEGIN
NUM HISTORIES: 661
TotalTreeDepth: 5
RelativeTreeDepth: 3
TotalNumNodesInTree: 976
NumNodesSubtree: 130
TotalNumPropagations: 0
SOLVER_DATA_END
t = 2
S: 120.531 1.719 100.0331 -1.668751 0.0547427 3 w: 1 END USER_DATA_BEGIN  USER_DATA_END 
A: 0 -2.5 END 
O: 20.55676 2.749379 END 
IMMEDIATE_REWARD: -5
DISCOUNT_FACTOR: 0.9604
DISCOUNTED_REWARD: -4.802
SOLVER_DATA_BEGIN
NUM HISTORIES: 645
TotalTreeDepth: 6
RelativeTreeDepth: 3
TotalNumNodesInTree: 902
NumNodesSubtree: 121
TotalNumPropagations: 0
SOLVER_DATA_END
t = 3
S: 120.531 0.969 100.1927 -1.780379 1.193968 3 w: 1 END USER_DATA_BEGIN  USER_DATA_END 
A: 0 -2.5 END 
O: 20.22987 1.839399 END 
IMMEDIATE_REWARD: -5
DISCOUNT_FACTOR: 0.941192
DISCOUNTED_REWARD: -4.70596
SOLVER_DATA_BEGIN
NUM HISTORIES: 655
TotalTreeDepth: 7
RelativeTreeDepth: 3
TotalNumNodesInTree: 952
NumNodesSubtree: 78
TotalNumPropagations: 0
SOLVER_DATA_END
t = 4
S: 120.531 0.219 100.77 -1.620399 2.894607 3 w: 1 END USER_DATA_BEGIN  USER_DATA_END 
A: 1.77 -1.77 END 
O: 17.08802 1.388587 END 
IMMEDIATE_REWARD: -5
DISCOUNT_FACTOR: 0.9223682
DISCOUNTED_REWARD: -4.611841
SOLVER_DATA_BEGIN
NUM HISTORIES: 639
TotalTreeDepth: 8
RelativeTreeDepth: 3
TotalNumNodesInTree: 857
NumNodesSubtree: 132
TotalNumPropagations: 0
SOLVER_DATA_END
t = 5
S: 121.062 -0.312 101.7621 -1.700587 3.995476 3 w: 1 END USER_DATA_BEGIN  USER_DATA_END 
A: 0 -2.5 END 
O: 19.13136 0.6256023 END 
IMMEDIATE_REWARD: -5
DISCOUNT_FACTOR: 0.9039208
DISCOUNTED_REWARD: -4.519604
SOLVER_DATA_BEGIN
NUM HISTORIES: 642
TotalTreeDepth: 9
RelativeTreeDepth: 3
TotalNumNodesInTree: 926
NumNodesSubtree: 135
TotalNumPropagations: 0
SOLVER_DATA_END
t = 6
S: 121.062 -1.062 103.067 -1.687602 4.982322 3 w: 1 END USER_DATA_BEGIN  USER_DATA_END 
A: 0 -2.5 END 
O: 16.55765 -0.08587157 END 
IMMEDIATE_REWARD: -5
DISCOUNT_FACTOR: 0.8858424
DISCOUNTED_REWARD: -4.429212
SOLVER_DATA_BEGIN
NUM HISTORIES: 609
TotalTreeDepth: 10
RelativeTreeDepth: 3
TotalNumNodesInTree: 882
NumNodesSubtree: 83
TotalNumPropagations: 0
SOLVER_DATA_END
t = 7
S: 121.062 -1.812 104.5868 -1.726128 5.882459 3 w: 1 END USER_DATA_BEGIN  USER_DATA_END 
A: 0 -2.5 END 
O: 15.90474 -0.7652908 END 
IMMEDIATE_REWARD: -5
DISCOUNT_FACTOR: 0.8681255
DISCOUNTED_REWARD: -4.340628
SOLVER_DATA_BEGIN
NUM HISTORIES: 617
TotalTreeDepth: 11
RelativeTreeDepth: 3
TotalNumNodesInTree: 842
NumNodesSubtree: 129
TotalNumPropagations: 0
SOLVER_DATA_END
t = 8
S: 121.062 -2.562 106.3357 -1.796709 6.684732 3 w: 1 END USER_DATA_BEGIN  USER_DATA_END 
A: 0 0 END 
O: 12.75919 -0.8940341 END 
IMMEDIATE_REWARD: -5
DISCOUNT_FACTOR: 0.850763
DISCOUNTED_REWARD: -4.253815
SOLVER_DATA_BEGIN
NUM HISTORIES: 639
TotalTreeDepth: 12
RelativeTreeDepth: 3
TotalNumNodesInTree: 904
NumNodesSubtree: 74
TotalNumPropagations: 0
SOLVER_DATA_END
t = 9
S: 121.062 -2.562 108.2591 -1.667966 7.410028 3 w: 1 END USER_DATA_BEGIN  USER_DATA_END 
A: -1.77 -1.77 END 
O: 9.214496 -1.339773 END 
IMMEDIATE_REWARD: -5
DISCOUNT_FACTOR: 0.8337478
DISCOUNTED_REWARD: -4.168739
SOLVER_DATA_BEGIN
NUM HISTORIES: 638
TotalTreeDepth: 13
RelativeTreeDepth: 3
TotalNumNodesInTree: 857
NumNodesSubtree: 81
TotalNumPropagations: 0
SOLVER_DATA_END
t = 10
S: 120.531 -3.093 110.3652 -1.753227 8.061879 3 w: 1 END USER_DATA_BEGIN  USER_DATA_END 
A: 1.77 -1.77 END 
O: 9.983695 -2.019404 END 
IMMEDIATE_REWARD: -5
DISCOUNT_FACTOR: 0.8170728
DISCOUNTED_REWARD: -4.085364
SOLVER_DATA_BEGIN
NUM HISTORIES: 621
TotalTreeDepth: 14
RelativeTreeDepth: 3
TotalNumNodesInTree: 847
NumNodesSubtree: 29
TotalNumPropagations: 0
SOLVER_DATA_END
t = 11
S: 121.062 -3.624 112.6271 -1.604596 8.33 0 w: 1 END USER_DATA_BEGIN  USER_DATA_END 
A: 1.77 -1.77 END 
O: 5.96886 -2.408601 END 
IMMEDIATE_REWARD: -5
DISCOUNT_FACTOR: 0.8007314
DISCOUNTED_REWARD: -4.003657
SOLVER_DATA_BEGIN
NUM HISTORIES: 677
TotalTreeDepth: 15
RelativeTreeDepth: 3
TotalNumNodesInTree: 860
NumNodesSubtree: 65
TotalNumPropagations: 0
SOLVER_DATA_END
t = 12
S: 121.593 -4.155 114.3231 -1.746399 4.853116 0 w: 1 END USER_DATA_BEGIN  USER_DATA_END 
A: 0 -2.5 END 
O: 5.892619 -2.730182 END 
IMMEDIATE_REWARD: -5
DISCOUNT_FACTOR: 0.7847167
DISCOUNTED_REWARD: -3.923584
SOLVER_DATA_BEGIN
NUM HISTORIES: 655
TotalTreeDepth: 16
RelativeTreeDepth: 3
TotalNumNodesInTree: 885
NumNodesSubtree: 119
TotalNumPropagations: 0
SOLVER_DATA_END
t = 13
S: 121.593 -4.5 115.1264 -1.769818 1.478838 0 w: 1 END USER_DATA_BEGIN  USER_DATA_END 
A: 0 2.5 END 
O: 7.83014 -2.043811 END 
IMMEDIATE_REWARD: -5
DISCOUNT_FACTOR: 0.7690224
DISCOUNTED_REWARD: -3.845112
SOLVER_DATA_BEGIN
NUM HISTORIES: 643
TotalTreeDepth: 17
RelativeTreeDepth: 3
TotalNumNodesInTree: 929
NumNodesSubtree: 16
TotalNumPropagations: 0
SOLVER_DATA_END
t = 14
S: 121.593 -3.75 115.2123 -1.706189 0 0 w: 1 END USER_DATA_BEGIN  USER_DATA_END 
A: -2.5 0 END 
O: 4.748796 -2.101409 END 
IMMEDIATE_REWARD: -5
DISCOUNT_FACTOR: 0.7536419
DISCOUNTED_REWARD: -3.76821
SOLVER_DATA_BEGIN
NUM HISTORIES: 635
TotalTreeDepth: 18
RelativeTreeDepth: 3
TotalNumNodesInTree: 802
NumNodesSubtree: 95
TotalNumPropagations: 0
SOLVER_DATA_END
t = 15
S: 120.843 -3.75 115.2123 -1.648591 0 0 w: 1 END USER_DATA_BEGIN  USER_DATA_END 
A: 1.77 -1.77 END 
O: 4.232222 -2.621847 END 
IMMEDIATE_REWARD: -5
DISCOUNT_FACTOR: 0.7385691
DISCOUNTED_REWARD: -3.692846
SOLVER_DATA_BEGIN
NUM HISTORIES: 649
TotalTreeDepth: 19
RelativeTreeDepth: 3
TotalNumNodesInTree: 902
NumNodesSubtree: 105
TotalNumPropagations: 0
SOLVER_DATA_END
t = 16
S: 121.374 -4.281 115.2123 -1.659153 0 0 w: 1 END USER_DATA_BEGIN  USER_DATA_END 
A: 1.77 -1.77 END 
O: 5.238436 -2.76665 END 
IMMEDIATE_REWARD: -5
DISCOUNT_FACTOR: 0.7237977
DISCOUNTED_REWARD: -3.618989
SOLVER_DATA_BEGIN
NUM HISTORIES: 603
TotalTreeDepth: 20
RelativeTreeDepth: 3
TotalNumNodesInTree: 862
NumNodesSubtree: 139
TotalNumPropagations: 0
SOLVER_DATA_END
t = 17
S: 121.905 -4.5 115.2123 -1.73335 0 3 w: 1 END USER_DATA_BEGIN  USER_DATA_END 
A: 1.77 -1.77 END 
O: 7.832936 -2.812864 END 
IMMEDIATE_REWARD: -5
DISCOUNT_FACTOR: 0.7093218
DISCOUNTED_REWARD: -3.546609
SOLVER_DATA_BEGIN
NUM HISTORIES: 599
TotalTreeDepth: 21
RelativeTreeDepth: 3
TotalNumNodesInTree: 890
NumNodesSubtree: 69
TotalNumPropagations: 0
SOLVER_DATA_END
t = 18
S: 122.436 -4.5 115.2278 -1.687136 0.06791809 3 w: 1 END USER_DATA_BEGIN  USER_DATA_END 
A: 0 0 END 
O: 5.924638 -2.716818 END 
IMMEDIATE_REWARD: -5
DISCOUNT_FACTOR: 0.6951353
DISCOUNTED_REWARD: -3.475677
SOLVER_DATA_BEGIN
NUM HISTORIES: 671
TotalTreeDepth: 22
RelativeTreeDepth: 3
TotalNumNodesInTree: 901
NumNodesSubtree: 66
TotalNumPropagations: 0
SOLVER_DATA_END
t = 19
S: 122.436 -4.5 115.2543 -1.783182 0.3175295 3 w: 1 END USER_DATA_BEGIN  USER_DATA_END 
A: 0 2.5 END 
O: 6.352524 -2.034592 END 
IMMEDIATE_REWARD: -5
DISCOUNT_FACTOR: 0.6812326
DISCOUNTED_REWARD: -3.406163
SOLVER_DATA_BEGIN
NUM HISTORIES: 641
TotalTreeDepth: 23
RelativeTreeDepth: 3
TotalNumNodesInTree: 856
NumNodesSubtree: 121
TotalNumPropagations: 0
SOLVER_DATA_END
t = 20
S: 122.436 -3.75 115.5535 -1.715408 1.818262 0 w: 1 END USER_DATA_BEGIN  USER_DATA_END 
A: 0 0 END 
O: 7.199879 -2.01117 END 
IMMEDIATE_REWARD: -5
DISCOUNT_FACTOR: 0.667608
DISCOUNTED_REWARD: -3.33804
SOLVER_DATA_BEGIN
NUM HISTORIES: 633
TotalTreeDepth: 24
RelativeTreeDepth: 3
TotalNumNodesInTree: 892
NumNodesSubtree: 54
TotalNumPropagations: 0
SOLVER_DATA_END
t = 21
S: 122.436 -3.75 115.6684 -1.73883 0 0 w: 1 END USER_DATA_BEGIN  USER_DATA_END 
A: 0 0 END 
O: 6.342395 -2.129043 END 
IMMEDIATE_REWARD: -5
DISCOUNT_FACTOR: 0.6542558
DISCOUNTED_REWARD: -3.271279
SOLVER_DATA_BEGIN
NUM HISTORIES: 640
TotalTreeDepth: 25
RelativeTreeDepth: 3
TotalNumNodesInTree: 837
NumNodesSubtree: 123
TotalNumPropagations: 0
SOLVER_DATA_END
t = 22
S: 122.436 -3.75 115.6684 -1.620957 0 0 w: 1 END USER_DATA_BEGIN  USER_DATA_END 
A: 0 0 END 
O: 6.800067 -2.115072 END 
IMMEDIATE_REWARD: -5
DISCOUNT_FACTOR: 0.6411707
DISCOUNTED_REWARD: -3.205853
SOLVER_DATA_BEGIN
NUM HISTORIES: 626
TotalTreeDepth: 26
RelativeTreeDepth: 3
TotalNumNodesInTree: 888
NumNodesSubtree: 118
TotalNumPropagations: 0
SOLVER_DATA_END
t = 23
S: 122.436 -3.75 115.6684 -1.634928 0 0 w: 1 END USER_DATA_BEGIN  USER_DATA_END 
A: 0 0 END 
O: 7.700669 -2.117237 END 
IMMEDIATE_REWARD: -5
DISCOUNT_FACTOR: 0.6283473
DISCOUNTED_REWARD: -3.141736
SOLVER_DATA_BEGIN
NUM HISTORIES: 640
TotalTreeDepth: 27
RelativeTreeDepth: 3
TotalNumNodesInTree: 909
NumNodesSubtree: 61
TotalNumPropagations: 0
SOLVER_DATA_END
t = 24
S: 122.436 -3.75 115.6684 -1.632763 0 0 w: 1 END USER_DATA_BEGIN  USER_DATA_END 
A: -2.5 0 END 
O: 6.46712 -2.041035 END 
IMMEDIATE_REWARD: -5
DISCOUNT_FACTOR: 0.6157803
DISCOUNTED_REWARD: -3.078902
SOLVER_DATA_BEGIN
NUM HISTORIES: 631
TotalTreeDepth: 28
RelativeTreeDepth: 3
TotalNumNodesInTree: 853
NumNodesSubtree: 99
TotalNumPropagations: 0
SOLVER_DATA_END
FINAL_STATE_BEGIN
S: 121.686 -3.75 115.6684 -1.708965 0 0 w: 1 END USER_DATA_BEGIN  USER_DATA_END 
FINAL_STATE_END
Total discounted reward: -99.13382
Num steps: 25
Total time taken: 11586.8ms
RUN_FINISHED_USER_DATA_BEGIN
RUN_FINISHED_USER_DATA_END
##################################
Mean number of steps: 25
Mean planning time per step: 301.0717ms
Num successful runs: 0
Percentage of successful runs: 0
Average total discounted reward: -99.13382
